#
# A fatal error has been detected by the Java Runtime Environment:
#
#  EXCEPTION_ACCESS_VIOLATION (0xc0000005) at pc=0x00007ffa7360e0a9, pid=14300, tid=14984
#
# JRE version: OpenJDK Runtime Environment Microsoft-8035246 (17.0.8+7) (build 17.0.8+7-LTS)
# Java VM: OpenJDK 64-Bit Server VM Microsoft-8035246 (17.0.8+7-LTS, mixed mode, sharing, tiered, compressed oops, compressed class ptrs, g1 gc, windows-amd64)
# Problematic frame:
# V  [jvm.dll+0x2be0a9]
#
# No core dump will be written. Minidumps are not enabled by default on client versions of Windows
#
# If you would like to submit a bug report, please visit:
#   https://github.com/microsoft/openjdk/issues
#

---------------  S U M M A R Y ------------

Command Line: -XX:MaxMetaspaceSize=512m --add-opens=java.base/java.util=ALL-UNNAMED --add-opens=java.base/java.lang=ALL-UNNAMED --add-opens=java.base/java.lang.invoke=ALL-UNNAMED --add-opens=java.prefs/java.util.prefs=ALL-UNNAMED --add-opens=java.base/java.nio.charset=ALL-UNNAMED --add-opens=java.base/java.net=ALL-UNNAMED --add-opens=java.base/java.util.concurrent.atomic=ALL-UNNAMED -Xmx2048m -Dfile.encoding=windows-1252 -Duser.country=US -Duser.language=en -Duser.variant -javaagent:C:\Users\Asus\.gradle\wrapper\dists\gradle-8.3-all\6en3ugtfdg5xnpx44z4qbwgas\gradle-8.3\lib\agents\gradle-instrumentation-agent-8.3.jar org.gradle.launcher.daemon.bootstrap.GradleDaemon 8.3

Host: AMD Ryzen 5 3550H with Radeon Vega Mobile Gfx  , 8 cores, 15G,  Windows 11 , 64 bit Build 22621 (10.0.22621.3085)
Time: Sun Mar 10 11:27:22 2024 SE Asia Standard Time elapsed time: 50.731322 seconds (0d 0h 0m 50s)

---------------  T H R E A D  ---------------

Current thread (0x000001754d46aa50):  JavaThread "C2 CompilerThread0" daemon [_thread_in_native, id=14984, stack(0x00000063a2600000,0x00000063a2700000)]


Current CompileTask:
C2:  50731 15091   !   4       org.gradle.cache.internal.DefaultMultiProcessSafeIndexedCache::getIfPresent (25 bytes)

Stack: [0x00000063a2600000,0x00000063a2700000],  sp=0x00000063a26fb410,  free space=1005k
Native frames: (J=compiled Java code, j=interpreted, Vv=VM code, C=native code)
V  [jvm.dll+0x2be0a9]
V  [jvm.dll+0x21ba8b]
V  [jvm.dll+0x21944b]
V  [jvm.dll+0x1a56b6]
V  [jvm.dll+0x2291ea]
V  [jvm.dll+0x22724c]
V  [jvm.dll+0x7efd0c]
V  [jvm.dll+0x7ea13a]
V  [jvm.dll+0x67ad85]
C  [ucrtbase.dll+0x29363]
C  [KERNEL32.DLL+0x1257d]
C  [ntdll.dll+0x5aa58]


siginfo: EXCEPTION_ACCESS_VIOLATION (0xc0000005), reading address 0x0000000000000028


Register to memory mapping:

RIP=0x00007ffa7360e0a9 jvm.dll
RAX=0x000001757ade0120 points into unknown readable memory: 0x0000000000000000 | 00 00 00 00 00 00 00 00
RBX=0x0000000000001924 is an unknown value
RCX=0x000001757adf0120 points into unknown readable memory: 0x00007ffa73ed80f8 | f8 80 ed 73 fa 7f 00 00
RDX=0x0 is NULL
RSP=0x00000063a26fb410 is pointing into the stack for thread: 0x000001754d46aa50
RBP=0x00000063a26fb480 is pointing into the stack for thread: 0x000001754d46aa50
RSI=0x0 is NULL
RDI=0x000000000000004d is an unknown value
R8 =0x0 is NULL
R9 =0x0 is NULL
R10=0x00007ffabdda0000 VCRUNTIME140.dll
R11=0x000001757ade0140 points into unknown readable memory: 0x0000000000000000 | 00 00 00 00 00 00 00 00
R12=0x0000000000000050 is an unknown value
R13=0x0 is NULL
R14=0x0 is NULL
R15=0x00000063a26fe630 is pointing into the stack for thread: 0x000001754d46aa50


Registers:
RAX=0x000001757ade0120, RBX=0x0000000000001924, RCX=0x000001757adf0120, RDX=0x0000000000000000
RSP=0x00000063a26fb410, RBP=0x00000063a26fb480, RSI=0x0000000000000000, RDI=0x000000000000004d
R8 =0x0000000000000000, R9 =0x0000000000000000, R10=0x00007ffabdda0000, R11=0x000001757ade0140
R12=0x0000000000000050, R13=0x0000000000000000, R14=0x0000000000000000, R15=0x00000063a26fe630
RIP=0x00007ffa7360e0a9, EFLAGS=0x0000000000010246

Top of Stack: (sp=0x00000063a26fb410)
0x00000063a26fb410:   0000000000001924 0000000000000000
0x00000063a26fb420:   00000063a26fe630 00007ffa735738d1
0x00000063a26fb430:   000001754d467790 00007ffa00002000
0x00000063a26fb440:   000001757ade0120 0000000000000000
0x00000063a26fb450:   0000000000000002 000001757b2c10f0
0x00000063a26fb460:   0000000000000002 000001754d467790
0x00000063a26fb470:   0000000000000000 0000000000000000
0x00000063a26fb480:   000001754d3508a0 000001752eede520
0x00000063a26fb490:   000000000000004d 00007ffa73c94c08
0x00000063a26fb4a0:   00000063a26fb5b0 00007ffa7356ba8b
0x00000063a26fb4b0:   00000063a26fe630 00007ffa73c94c08
0x00000063a26fb4c0:   00000063a26fe630 00000063a26fb5b0
0x00000063a26fb4d0:   0000017500000000 00007ffa7396b7fb
0x00000063a26fb4e0:   000000630000000f 00000063a26fe630
0x00000063a26fb4f0:   00000063a26fb660 0000000000000000
0x00000063a26fb500:   0000017500000100 00007ffa73c94c08 

Instructions: (pc=0x00007ffa7360e0a9)
0x00007ffa7360dfa9:   3b d0 75 0b ff c1 41 3b c9 7c dc 48 8b c2 c3 33
0x00007ffa7360dfb9:   c0 c3 cc cc cc cc cc 48 89 5c 24 18 55 56 57 41
0x00007ffa7360dfc9:   55 41 57 48 8b ec 48 83 ec 70 65 48 8b 04 25 58
0x00007ffa7360dfd9:   00 00 00 48 8b f2 44 8b 05 d2 8b 90 00 4c 8b f9
0x00007ffa7360dfe9:   4a 8b 1c c0 b8 50 00 00 00 80 3c 18 00 75 05 e8
0x00007ffa7360dff9:   8b 6f 5d 00 b8 20 00 00 00 48 8b 04 18 48 8b 98
0x00007ffa7360e009:   38 02 00 00 48 89 5d b0 c7 45 b8 04 00 00 00 48
0x00007ffa7360e019:   8b 43 18 48 83 f8 df 76 18 4c 8d 05 37 a9 65 00
0x00007ffa7360e029:   ba 20 00 00 00 48 8b cb e8 5a eb de ff 48 8b 43
0x00007ffa7360e039:   18 48 8d 48 20 48 3b 4b 20 76 11 45 33 c0 48 8b
0x00007ffa7360e049:   cb 41 8d 50 20 e8 fd e8 de ff eb 04 48 89 4b 18
0x00007ffa7360e059:   44 8b 45 b8 33 d2 49 c1 e0 03 48 8b c8 48 89 45
0x00007ffa7360e069:   c0 e8 e3 80 5d 00 45 33 ed 48 8d 4d d0 44 89 6d
0x00007ffa7360e079:   c8 e8 01 59 56 00 41 8b 9f 40 02 00 00 41 2b 9f
0x00007ffa7360e089:   68 02 00 00 44 89 6d f0 3b 5d b8 72 0b 8b d3 48
0x00007ffa7360e099:   8d 4d b0 e8 6f b3 39 00 48 8b 45 c0 4c 89 2c d8
0x00007ffa7360e0a9:   8b 7e 28 8b df c1 eb 05 3b 5d d0 72 0b 8b d3 48
0x00007ffa7360e0b9:   8d 4d d0 e8 1f 59 56 00 48 8b 45 d8 83 e7 1f 48
0x00007ffa7360e0c9:   8d 14 98 40 0f b6 cf 41 b8 01 00 00 00 41 d3 e0
0x00007ffa7360e0d9:   8b 0a 8b c1 41 0b c0 89 02 41 85 c8 75 21 8b 5d
0x00007ffa7360e0e9:   c8 8d 43 01 89 45 c8 3b 5d b8 72 0b 8b d3 48 8d
0x00007ffa7360e0f9:   4d b0 e8 10 b3 39 00 48 8b 45 c0 48 89 34 d8 44
0x00007ffa7360e109:   39 6d c8 0f 86 77 01 00 00 4c 89 a4 24 a0 00 00
0x00007ffa7360e119:   00 4c 89 b4 24 a8 00 00 00 48 8b 45 c0 41 8b cd
0x00007ffa7360e129:   48 8b 34 c8 8b 46 2c 25 ff 1f 00 00 3d 04 10 00
0x00007ffa7360e139:   00 0f 85 a7 00 00 00 bb 01 00 00 00 39 5e 18 76
0x00007ffa7360e149:   39 66 0f 1f 44 00 00 48 8b 46 08 8b cb 48 8b 14
0x00007ffa7360e159:   c8 48 85 d2 74 1d 48 83 7a 10 00 74 16 80 7a 2c
0x00007ffa7360e169:   84 74 10 e8 7f 7e ee ff 48 8b d0 49 8b cf e8 a4
0x00007ffa7360e179:   61 f6 ff ff c3 3b 5e 18 72 cd 48 8b 5e 10 8b 46
0x00007ffa7360e189:   20 4c 8d 34 c3 49 3b de 73 54 48 8b 3b 8b 47 2c
0x00007ffa7360e199:   83 e0 03 3c 03 75 2e 48 8b 07 48 8b cf ff 90 88 


Stack slot to memory mapping:
stack at sp + 0 slots: 0x0000000000001924 is an unknown value
stack at sp + 1 slots: 0x0 is NULL
stack at sp + 2 slots: 0x00000063a26fe630 is pointing into the stack for thread: 0x000001754d46aa50
stack at sp + 3 slots: 0x00007ffa735738d1 jvm.dll
stack at sp + 4 slots: 0x000001754d467790 points into unknown readable memory: 0x0000000000000006 | 06 00 00 00 00 00 00 00
stack at sp + 5 slots: 0x00007ffa00002000 is an unknown value
stack at sp + 6 slots: 0x000001757ade0120 points into unknown readable memory: 0x0000000000000000 | 00 00 00 00 00 00 00 00
stack at sp + 7 slots: 0x0 is NULL


---------------  P R O C E S S  ---------------

Threads class SMR info:
_java_thread_list=0x0000017572d04410, length=144, elements={
0x000001752eec7850, 0x000001754d34e2a0, 0x000001754d34f030, 0x000001754d460c20,
0x000001754d462700, 0x000001754d4650e0, 0x000001754d4679c0, 0x000001754d46aa50,
0x000001754d46b800, 0x000001754d46c110, 0x000001754d58acc0, 0x000001754d715320,
0x000001756e955230, 0x000001756d867040, 0x000001756e7df4a0, 0x000001756edbd4f0,
0x000001756eb05030, 0x000001756e1e4470, 0x000001756ed79620, 0x000001756dbd48f0,
0x000001756dbd6240, 0x000001756dbd39c0, 0x000001756dbd6750, 0x000001756dbd5d30,
0x000001756dbd6c60, 0x000001756dbd5820, 0x000001756dbd43e0, 0x000001756dbd5310,
0x000001756dbd4e00, 0x000001756dbd3ed0, 0x000001756ec3dfb0, 0x000001756ec435c0,
0x000001756ec40d40, 0x000001756ec3f900, 0x000001756ec41c70, 0x000001756ec3e9d0,
0x000001756ec3fe10, 0x000001756ec3eee0, 0x000001756ec42ba0, 0x000001756ec41250,
0x000001756ec40320, 0x000001756ec44f10, 0x000001756ec41760, 0x000001756ec40830,
0x000001756ec43ad0, 0x000001756ec43fe0, 0x000001756ec44a00, 0x000001756ec45930,
0x000001756f674520, 0x000001756f6735f0, 0x000001756f673b00, 0x000001756f671790,
0x000001756f6730e0, 0x000001756f676da0, 0x000001756f671280, 0x000001756f674a30,
0x000001756f66f930, 0x000001756f674f40, 0x000001756f675450, 0x000001756f672bd0,
0x000001756f675960, 0x000001756f6721b0, 0x000001756f675e70, 0x000001756f676380,
0x000001756f676890, 0x000001756f6772b0, 0x000001756f66fe40, 0x000001756f670350,
0x000001756f670860, 0x000001756f671ca0, 0x0000017572b54fc0, 0x0000017572b559e0,
0x0000017572b545a0, 0x0000017572b55ef0, 0x0000017572b56e20, 0x0000017572b54ab0,
0x0000017572b554d0, 0x0000017572b56400, 0x0000017572b56910, 0x0000017572b57840,
0x0000017572b57330, 0x000001756fd3bc10, 0x000001756fd3e9a0, 0x000001756fd3b1f0,
0x000001756fd39390, 0x000001756fd3df80, 0x000001756fd3b700, 0x000001756fd402f0,
0x000001756fd3f8d0, 0x000001756fd3e490, 0x000001756fd3a2c0, 0x000001756fd398a0,
0x000001756fd38e80, 0x000001756fd3ace0, 0x000001756fd3eeb0, 0x000001756fd3f3c0,
0x000001756fd3c630, 0x000001756fd40800, 0x000001756fd3cb40, 0x000001756fd3d050,
0x0000017573773ba0, 0x0000017573771d40, 0x0000017573772250, 0x0000017573772760,
0x0000017573774fe0, 0x00000175737754f0, 0x0000017573772c70, 0x0000017573773690,
0x0000017570d33e20, 0x000001757175a580, 0x000001757175afa0, 0x000001757175fb90,
0x000001757175b4b0, 0x000001757175ce00, 0x000001757175a070, 0x00000175717600a0,
0x000001757175c3e0, 0x0000017571758c30, 0x00000175717605b0, 0x0000017571759650,
0x0000017571759140, 0x000001757175e750, 0x000001757175aa90, 0x000001757175b9c0,
0x000001757175c8f0, 0x000001757175d310, 0x000001757175d820, 0x000001757175dd30,
0x000001757175e240, 0x000001756dbd7170, 0x000001756ec444f0, 0x000001756f670d70,
0x0000017570ce6ad0, 0x0000017570ce5ba0, 0x0000017570ce5690, 0x0000017570ce0080,
0x0000017570ce0590, 0x0000017570ce2900, 0x0000017570ce1ee0, 0x0000017570ce4250,
0x0000017570ce0aa0, 0x0000017570ce2e10, 0x0000017570ce7a00, 0x0000017570ce6fe0
}

Java Threads: ( => current thread )
  0x000001752eec7850 JavaThread "main" [_thread_blocked, id=15592, stack(0x00000063a1900000,0x00000063a1a00000)]
  0x000001754d34e2a0 JavaThread "Reference Handler" daemon [_thread_blocked, id=12308, stack(0x00000063a2000000,0x00000063a2100000)]
  0x000001754d34f030 JavaThread "Finalizer" daemon [_thread_blocked, id=19116, stack(0x00000063a2100000,0x00000063a2200000)]
  0x000001754d460c20 JavaThread "Signal Dispatcher" daemon [_thread_blocked, id=14140, stack(0x00000063a2200000,0x00000063a2300000)]
  0x000001754d462700 JavaThread "Attach Listener" daemon [_thread_blocked, id=19388, stack(0x00000063a2300000,0x00000063a2400000)]
  0x000001754d4650e0 JavaThread "Service Thread" daemon [_thread_blocked, id=13232, stack(0x00000063a2400000,0x00000063a2500000)]
  0x000001754d4679c0 JavaThread "Monitor Deflation Thread" daemon [_thread_blocked, id=14012, stack(0x00000063a2500000,0x00000063a2600000)]
=>0x000001754d46aa50 JavaThread "C2 CompilerThread0" daemon [_thread_in_native, id=14984, stack(0x00000063a2600000,0x00000063a2700000)]
  0x000001754d46b800 JavaThread "C1 CompilerThread0" daemon [_thread_blocked, id=4232, stack(0x00000063a2700000,0x00000063a2800000)]
  0x000001754d46c110 JavaThread "Sweeper thread" daemon [_thread_blocked, id=17552, stack(0x00000063a2800000,0x00000063a2900000)]
  0x000001754d58acc0 JavaThread "Common-Cleaner" daemon [_thread_blocked, id=15380, stack(0x00000063a2900000,0x00000063a2a00000)]
  0x000001754d715320 JavaThread "Notification Thread" daemon [_thread_blocked, id=17028, stack(0x00000063a2a00000,0x00000063a2b00000)]
  0x000001756e955230 JavaThread "Daemon health stats" [_thread_blocked, id=18612, stack(0x00000063a3100000,0x00000063a3200000)]
  0x000001756d867040 JavaThread "Incoming local TCP Connector on port 60380" [_thread_in_native, id=13644, stack(0x00000063a2c00000,0x00000063a2d00000)]
  0x000001756e7df4a0 JavaThread "Daemon periodic checks" [_thread_blocked, id=13504, stack(0x00000063a3200000,0x00000063a3300000)]
  0x000001756edbd4f0 JavaThread "Daemon" [_thread_blocked, id=8296, stack(0x00000063a3300000,0x00000063a3400000)]
  0x000001756eb05030 JavaThread "Handler for socket connection from /127.0.0.1:60380 to /127.0.0.1:60381" [_thread_in_native, id=12700, stack(0x00000063a3400000,0x00000063a3500000)]
  0x000001756e1e4470 JavaThread "Cancel handler" [_thread_blocked, id=13236, stack(0x00000063a3500000,0x00000063a3600000)]
  0x000001756ed79620 JavaThread "Daemon worker" [_thread_blocked, id=7396, stack(0x00000063a3600000,0x00000063a3700000)]
  0x000001756dbd48f0 JavaThread "Asynchronous log dispatcher for DefaultDaemonConnection: socket connection from /127.0.0.1:60380 to /127.0.0.1:60381" [_thread_blocked, id=2552, stack(0x00000063a3700000,0x00000063a3800000)]
  0x000001756dbd6240 JavaThread "Stdin handler" [_thread_blocked, id=9624, stack(0x00000063a3800000,0x00000063a3900000)]
  0x000001756dbd39c0 JavaThread "Daemon client event forwarder" [_thread_blocked, id=14340, stack(0x00000063a3900000,0x00000063a3a00000)]
  0x000001756dbd6750 JavaThread "Cache worker for journal cache (C:\Users\Asus\.gradle\caches\journal-1)" [_thread_blocked, id=10128, stack(0x00000063a3a00000,0x00000063a3b00000)]
  0x000001756dbd5d30 JavaThread "File lock request listener" [_thread_in_native, id=18648, stack(0x00000063a3b00000,0x00000063a3c00000)]
  0x000001756dbd6c60 JavaThread "Cache worker for file hash cache (C:\Users\Asus\.gradle\caches\8.3\fileHashes)" [_thread_blocked, id=18112, stack(0x00000063a3d00000,0x00000063a3e00000)]
  0x000001756dbd5820 JavaThread "File watcher server" daemon [_thread_in_native, id=6136, stack(0x00000063a3f00000,0x00000063a4000000)]
  0x000001756dbd43e0 JavaThread "File watcher consumer" daemon [_thread_blocked, id=13784, stack(0x00000063a3e00000,0x00000063a3f00000)]
  0x000001756dbd5310 JavaThread "Cache worker for checksums cache (C:\Users\Asus\Documents\GitHub\SereneMoments\android\.gradle\8.3\checksums)" [_thread_blocked, id=17804, stack(0x00000063a3c00000,0x00000063a3d00000)]
  0x000001756dbd4e00 JavaThread "Cache worker for file hash cache (C:\Users\Asus\Documents\GitHub\SereneMoments\android\.gradle\8.3\fileHashes)" [_thread_blocked, id=19052, stack(0x00000063a4100000,0x00000063a4200000)]
  0x000001756dbd3ed0 JavaThread "Cache worker for cache directory md-supplier (C:\Users\Asus\.gradle\caches\8.3\md-supplier)" [_thread_blocked, id=1980, stack(0x00000063a4200000,0x00000063a4300000)]
  0x000001756ec3dfb0 JavaThread "Cache worker for file content cache (C:\Users\Asus\.gradle\caches\8.3\fileContent)" [_thread_blocked, id=10776, stack(0x00000063a4300000,0x00000063a4400000)]
  0x000001756ec435c0 JavaThread "Cache worker for cache directory md-rule (C:\Users\Asus\.gradle\caches\8.3\md-rule)" [_thread_blocked, id=1584, stack(0x00000063a4700000,0x00000063a4800000)]
  0x000001756ec40d40 JavaThread "Cache worker for execution history cache (C:\Users\Asus\.gradle\caches\8.3\executionHistory)" [_thread_blocked, id=8352, stack(0x00000063a4800000,0x00000063a4900000)]
  0x000001756ec3f900 JavaThread "jar transforms" [_thread_blocked, id=17140, stack(0x00000063a4b00000,0x00000063a4c00000)]
  0x000001756ec41c70 JavaThread "jar transforms Thread 2" [_thread_blocked, id=18588, stack(0x00000063a4c00000,0x00000063a4d00000)]
  0x000001756ec3e9d0 JavaThread "jar transforms Thread 3" [_thread_blocked, id=5228, stack(0x00000063a4d00000,0x00000063a4e00000)]
  0x000001756ec3fe10 JavaThread "jar transforms Thread 4" [_thread_blocked, id=12256, stack(0x00000063a4e00000,0x00000063a4f00000)]
  0x000001756ec3eee0 JavaThread "Cache worker for kotlin-dsl (C:\Users\Asus\.gradle\caches\8.3\kotlin-dsl)" [_thread_blocked, id=14072, stack(0x00000063a4a00000,0x00000063a4b00000)]
  0x000001756ec42ba0 JavaThread "jar transforms Thread 5" [_thread_blocked, id=19112, stack(0x00000063a5000000,0x00000063a5100000)]
  0x000001756ec41250 JavaThread "jar transforms Thread 6" [_thread_blocked, id=14228, stack(0x00000063a5100000,0x00000063a5200000)]
  0x000001756ec40320 JavaThread "Unconstrained build operations" [_thread_blocked, id=12548, stack(0x00000063a4900000,0x00000063a4a00000)]
  0x000001756ec44f10 JavaThread "Unconstrained build operations Thread 2" [_thread_blocked, id=12188, stack(0x00000063a4f00000,0x00000063a5000000)]
  0x000001756ec41760 JavaThread "jar transforms Thread 7" [_thread_blocked, id=15304, stack(0x00000063a5300000,0x00000063a5400000)]
  0x000001756ec40830 JavaThread "jar transforms Thread 8" [_thread_blocked, id=16180, stack(0x00000063a5400000,0x00000063a5500000)]
  0x000001756ec43ad0 JavaThread "Cache worker for dependencies-accessors (C:\Users\Asus\Documents\GitHub\SereneMoments\android\.gradle\8.3\dependencies-accessors)" [_thread_blocked, id=16348, stack(0x00000063a5600000,0x00000063a5700000)]
  0x000001756ec43fe0 JavaThread "Cache worker for Build Output Cleanup Cache (C:\Users\Asus\Documents\GitHub\SereneMoments\node_modules\@react-native\gradle-plugin\.gradle\buildOutputCleanup)" [_thread_blocked, id=18252, stack(0x00000063a5800000,0x00000063a5900000)]
  0x000001756ec44a00 JavaThread "Unconstrained build operations Thread 3" [_thread_blocked, id=15412, stack(0x00000063a5900000,0x00000063a5a00000)]
  0x000001756ec45930 JavaThread "Unconstrained build operations Thread 4" [_thread_blocked, id=10044, stack(0x00000063a5a00000,0x00000063a5b00000)]
  0x000001756f674520 JavaThread "Unconstrained build operations Thread 5" [_thread_blocked, id=5744, stack(0x00000063a5b00000,0x00000063a5c00000)]
  0x000001756f6735f0 JavaThread "Unconstrained build operations Thread 6" [_thread_blocked, id=18748, stack(0x00000063a5c00000,0x00000063a5d00000)]
  0x000001756f673b00 JavaThread "Unconstrained build operations Thread 7" [_thread_blocked, id=14112, stack(0x00000063a5d00000,0x00000063a5e00000)]
  0x000001756f671790 JavaThread "Unconstrained build operations Thread 8" [_thread_blocked, id=10784, stack(0x00000063a5e00000,0x00000063a5f00000)]
  0x000001756f6730e0 JavaThread "Unconstrained build operations Thread 9" [_thread_blocked, id=4940, stack(0x00000063a5f00000,0x00000063a6000000)]
  0x000001756f676da0 JavaThread "Memory manager" [_thread_blocked, id=7616, stack(0x00000063a6000000,0x00000063a6100000)]
  0x000001756f671280 JavaThread "Cache worker for Build Output Cleanup Cache (C:\Users\Asus\Documents\GitHub\SereneMoments\android\.gradle\buildOutputCleanup)" [_thread_blocked, id=10440, stack(0x00000063a5700000,0x00000063a5800000)]
  0x000001756f674a30 JavaThread "ForkJoinPool.commonPool-worker-1" daemon [_thread_blocked, id=10936, stack(0x00000063a6200000,0x00000063a6300000)]
  0x000001756f66f930 JavaThread "ForkJoinPool.commonPool-worker-2" daemon [_thread_blocked, id=4436, stack(0x00000063a6300000,0x00000063a6400000)]
  0x000001756f674f40 JavaThread "ForkJoinPool.commonPool-worker-3" daemon [_thread_blocked, id=9740, stack(0x00000063a6400000,0x00000063a6500000)]
  0x000001756f675450 JavaThread "ForkJoinPool.commonPool-worker-4" daemon [_thread_blocked, id=18180, stack(0x00000063a6500000,0x00000063a6600000)]
  0x000001756f672bd0 JavaThread "ForkJoinPool.commonPool-worker-5" daemon [_thread_blocked, id=17868, stack(0x00000063a6600000,0x00000063a6700000)]
  0x000001756f675960 JavaThread "ForkJoinPool.commonPool-worker-7" daemon [_thread_blocked, id=18804, stack(0x00000063a6700000,0x00000063a6800000)]
  0x000001756f6721b0 JavaThread "ForkJoinPool.commonPool-worker-6" daemon [_thread_blocked, id=9720, stack(0x00000063a6800000,0x00000063a6900000)]
  0x000001756f675e70 JavaThread "included builds" [_thread_blocked, id=9328, stack(0x00000063a6900000,0x00000063a6a00000)]
  0x000001756f676380 JavaThread "Execution worker" [_thread_blocked, id=18524, stack(0x00000063a6a00000,0x00000063a6b00000)]
  0x000001756f676890 JavaThread "Execution worker Thread 2" [_thread_blocked, id=13648, stack(0x00000063a6b00000,0x00000063a6c00000)]
  0x000001756f6772b0 JavaThread "Execution worker Thread 3" [_thread_blocked, id=15080, stack(0x00000063a6c00000,0x00000063a6d00000)]
  0x000001756f66fe40 JavaThread "Execution worker Thread 4" [_thread_blocked, id=13740, stack(0x00000063a6d00000,0x00000063a6e00000)]
  0x000001756f670350 JavaThread "Execution worker Thread 5" [_thread_blocked, id=14276, stack(0x00000063a6e00000,0x00000063a6f00000)]
  0x000001756f670860 JavaThread "Execution worker Thread 6" [_thread_blocked, id=14144, stack(0x00000063a6f00000,0x00000063a7000000)]
  0x000001756f671ca0 JavaThread "Execution worker Thread 7" [_thread_blocked, id=16336, stack(0x00000063a7000000,0x00000063a7100000)]
  0x0000017572b54fc0 JavaThread "Cache worker for execution history cache (C:\Users\Asus\Documents\GitHub\SereneMoments\node_modules\@react-native\gradle-plugin\.gradle\8.3\executionHistory)" [_thread_blocked, id=8060, stack(0x00000063a7100000,0x00000063a7200000)]
  0x0000017572b559e0 JavaThread "Unconstrained build operations Thread 10" [_thread_blocked, id=19392, stack(0x00000063a7200000,0x00000063a7300000)]
  0x0000017572b545a0 JavaThread "Unconstrained build operations Thread 11" [_thread_blocked, id=3844, stack(0x00000063a7300000,0x00000063a7400000)]
  0x0000017572b55ef0 JavaThread "Unconstrained build operations Thread 12" [_thread_blocked, id=1972, stack(0x00000063a7400000,0x00000063a7500000)]
  0x0000017572b56e20 JavaThread "Unconstrained build operations Thread 13" [_thread_blocked, id=10716, stack(0x00000063a7500000,0x00000063a7600000)]
  0x0000017572b54ab0 JavaThread "Unconstrained build operations Thread 14" [_thread_blocked, id=6824, stack(0x00000063a7600000,0x00000063a7700000)]
  0x0000017572b554d0 JavaThread "Unconstrained build operations Thread 15" [_thread_blocked, id=1916, stack(0x00000063a7700000,0x00000063a7800000)]
  0x0000017572b56400 JavaThread "Unconstrained build operations Thread 16" [_thread_blocked, id=1576, stack(0x00000063a7800000,0x00000063a7900000)]
  0x0000017572b56910 JavaThread "Unconstrained build operations Thread 17" [_thread_blocked, id=18848, stack(0x00000063a7900000,0x00000063a7a00000)]
  0x0000017572b57840 JavaThread "Unconstrained build operations Thread 18" [_thread_blocked, id=2176, stack(0x00000063a7a00000,0x00000063a7b00000)]
  0x0000017572b57330 JavaThread "Unconstrained build operations Thread 19" [_thread_blocked, id=16112, stack(0x00000063a7b00000,0x00000063a7c00000)]
  0x000001756fd3bc10 JavaThread "Unconstrained build operations Thread 20" [_thread_blocked, id=14272, stack(0x00000063a7c00000,0x00000063a7d00000)]
  0x000001756fd3e9a0 JavaThread "Unconstrained build operations Thread 21" [_thread_blocked, id=18072, stack(0x00000063a7d00000,0x00000063a7e00000)]
  0x000001756fd3b1f0 JavaThread "Unconstrained build operations Thread 22" [_thread_blocked, id=16168, stack(0x00000063a7e00000,0x00000063a7f00000)]
  0x000001756fd39390 JavaThread "Unconstrained build operations Thread 23" [_thread_blocked, id=11576, stack(0x00000063a7f00000,0x00000063a8000000)]
  0x000001756fd3df80 JavaThread "Unconstrained build operations Thread 24" [_thread_blocked, id=14684, stack(0x00000063a8000000,0x00000063a8100000)]
  0x000001756fd3b700 JavaThread "Unconstrained build operations Thread 25" [_thread_blocked, id=2648, stack(0x00000063a8100000,0x00000063a8200000)]
  0x000001756fd402f0 JavaThread "Unconstrained build operations Thread 26" [_thread_blocked, id=5440, stack(0x00000063a8300000,0x00000063a8400000)]
  0x000001756fd3f8d0 JavaThread "Unconstrained build operations Thread 27" [_thread_blocked, id=18228, stack(0x00000063a8400000,0x00000063a8500000)]
  0x000001756fd3e490 JavaThread "Unconstrained build operations Thread 28" [_thread_blocked, id=9468, stack(0x00000063a8500000,0x00000063a8600000)]
  0x000001756fd3a2c0 JavaThread "Unconstrained build operations Thread 29" [_thread_blocked, id=8600, stack(0x00000063a8600000,0x00000063a8700000)]
  0x000001756fd398a0 JavaThread "Unconstrained build operations Thread 30" [_thread_blocked, id=740, stack(0x00000063a8700000,0x00000063a8800000)]
  0x000001756fd38e80 JavaThread "Unconstrained build operations Thread 31" [_thread_blocked, id=15908, stack(0x00000063a8800000,0x00000063a8900000)]
  0x000001756fd3ace0 JavaThread "Unconstrained build operations Thread 32" [_thread_blocked, id=12908, stack(0x00000063a8900000,0x00000063a8a00000)]
  0x000001756fd3eeb0 JavaThread "Unconstrained build operations Thread 33" [_thread_blocked, id=16852, stack(0x00000063a8200000,0x00000063a8300000)]
  0x000001756fd3f3c0 JavaThread "Unconstrained build operations Thread 34" [_thread_blocked, id=12656, stack(0x00000063a8a00000,0x00000063a8b00000)]
  0x000001756fd3c630 JavaThread "Unconstrained build operations Thread 35" [_thread_blocked, id=7604, stack(0x00000063a8b00000,0x00000063a8c00000)]
  0x000001756fd40800 JavaThread "Unconstrained build operations Thread 36" [_thread_blocked, id=8396, stack(0x00000063a8c00000,0x00000063a8d00000)]
  0x000001756fd3cb40 JavaThread "Unconstrained build operations Thread 37" [_thread_blocked, id=1040, stack(0x00000063a8d00000,0x00000063a8e00000)]
  0x000001756fd3d050 JavaThread "Unconstrained build operations Thread 38" [_thread_blocked, id=15668, stack(0x00000063a8e00000,0x00000063a8f00000)]
  0x0000017573773ba0 JavaThread "Unconstrained build operations Thread 39" [_thread_blocked, id=10448, stack(0x00000063a8f00000,0x00000063a9000000)]
  0x0000017573771d40 JavaThread "Unconstrained build operations Thread 40" [_thread_blocked, id=5908, stack(0x00000063a9100000,0x00000063a9200000)]
  0x0000017573772250 JavaThread "Unconstrained build operations Thread 41" [_thread_blocked, id=18492, stack(0x00000063a9200000,0x00000063a9300000)]
  0x0000017573772760 JavaThread "Unconstrained build operations Thread 42" [_thread_blocked, id=5488, stack(0x00000063a9300000,0x00000063a9400000)]
  0x0000017573774fe0 JavaThread "Unconstrained build operations Thread 43" [_thread_blocked, id=5940, stack(0x00000063a9400000,0x00000063a9500000)]
  0x00000175737754f0 JavaThread "Unconstrained build operations Thread 44" [_thread_blocked, id=14452, stack(0x00000063a9500000,0x00000063a9600000)]
  0x0000017573772c70 JavaThread "Unconstrained build operations Thread 45" [_thread_blocked, id=10764, stack(0x00000063a9600000,0x00000063a9700000)]
  0x0000017573773690 JavaThread "Unconstrained build operations Thread 46" [_thread_blocked, id=11920, stack(0x00000063a9700000,0x00000063a9800000)]
  0x0000017570d33e20 JavaThread "C2 CompilerThread1" daemon [_thread_in_native, id=17992, stack(0x00000063a6100000,0x00000063a6200000)]
  0x000001757175a580 JavaThread "Unconstrained build operations Thread 47" [_thread_blocked, id=19308, stack(0x00000063a9800000,0x00000063a9900000)]
  0x000001757175afa0 JavaThread "Unconstrained build operations Thread 48" [_thread_blocked, id=19060, stack(0x00000063a9900000,0x00000063a9a00000)]
  0x000001757175fb90 JavaThread "Unconstrained build operations Thread 49" [_thread_blocked, id=17156, stack(0x00000063a9a00000,0x00000063a9b00000)]
  0x000001757175b4b0 JavaThread "Unconstrained build operations Thread 50" [_thread_blocked, id=15408, stack(0x00000063a9b00000,0x00000063a9c00000)]
  0x000001757175ce00 JavaThread "Unconstrained build operations Thread 51" [_thread_blocked, id=3724, stack(0x00000063a9c00000,0x00000063a9d00000)]
  0x000001757175a070 JavaThread "Unconstrained build operations Thread 52" [_thread_blocked, id=17212, stack(0x00000063a9d00000,0x00000063a9e00000)]
  0x00000175717600a0 JavaThread "Unconstrained build operations Thread 53" [_thread_blocked, id=12340, stack(0x00000063a9e00000,0x00000063a9f00000)]
  0x000001757175c3e0 JavaThread "Unconstrained build operations Thread 54" [_thread_blocked, id=14008, stack(0x00000063a9000000,0x00000063a9100000)]
  0x0000017571758c30 JavaThread "Unconstrained build operations Thread 55" [_thread_blocked, id=17612, stack(0x00000063a9f00000,0x00000063aa000000)]
  0x00000175717605b0 JavaThread "Unconstrained build operations Thread 56" [_thread_blocked, id=15196, stack(0x00000063aa000000,0x00000063aa100000)]
  0x0000017571759650 JavaThread "Unconstrained build operations Thread 57" [_thread_blocked, id=2392, stack(0x00000063aa100000,0x00000063aa200000)]
  0x0000017571759140 JavaThread "Unconstrained build operations Thread 58" [_thread_blocked, id=10544, stack(0x00000063aa200000,0x00000063aa300000)]
  0x000001757175e750 JavaThread "Unconstrained build operations Thread 59" [_thread_blocked, id=13208, stack(0x00000063aa300000,0x00000063aa400000)]
  0x000001757175aa90 JavaThread "Unconstrained build operations Thread 60" [_thread_blocked, id=2368, stack(0x00000063aa400000,0x00000063aa500000)]
  0x000001757175b9c0 JavaThread "Unconstrained build operations Thread 61" [_thread_blocked, id=2136, stack(0x00000063aa500000,0x00000063aa600000)]
  0x000001757175c8f0 JavaThread "Unconstrained build operations Thread 62" [_thread_blocked, id=19244, stack(0x00000063aa600000,0x00000063aa700000)]
  0x000001757175d310 JavaThread "Unconstrained build operations Thread 63" [_thread_blocked, id=4928, stack(0x00000063aa700000,0x00000063aa800000)]
  0x000001757175d820 JavaThread "Unconstrained build operations Thread 64" [_thread_blocked, id=9580, stack(0x00000063aa800000,0x00000063aa900000)]
  0x000001757175dd30 JavaThread "Unconstrained build operations Thread 65" [_thread_blocked, id=18864, stack(0x00000063aaa00000,0x00000063aab00000)]
  0x000001757175e240 JavaThread "Unconstrained build operations Thread 66" [_thread_blocked, id=14360, stack(0x00000063aab00000,0x00000063aac00000)]
  0x000001756dbd7170 JavaThread "Unconstrained build operations Thread 67" [_thread_blocked, id=16152, stack(0x00000063aac00000,0x00000063aad00000)]
  0x000001756ec444f0 JavaThread "Unconstrained build operations Thread 68" [_thread_blocked, id=3932, stack(0x00000063aad00000,0x00000063aae00000)]
  0x000001756f670d70 JavaThread "Unconstrained build operations Thread 69" [_thread_blocked, id=12128, stack(0x00000063aae00000,0x00000063aaf00000)]
  0x0000017570ce6ad0 JavaThread "Unconstrained build operations Thread 70" [_thread_blocked, id=16808, stack(0x00000063aaf00000,0x00000063ab000000)]
  0x0000017570ce5ba0 JavaThread "Unconstrained build operations Thread 71" [_thread_blocked, id=14720, stack(0x00000063ab000000,0x00000063ab100000)]
  0x0000017570ce5690 JavaThread "Unconstrained build operations Thread 72" [_thread_blocked, id=10112, stack(0x00000063ab100000,0x00000063ab200000)]
  0x0000017570ce0080 JavaThread "Unconstrained build operations Thread 73" [_thread_blocked, id=8508, stack(0x00000063ab200000,0x00000063ab300000)]
  0x0000017570ce0590 JavaThread "Cache worker for execution history cache (C:\Users\Asus\Documents\GitHub\SereneMoments\android\.gradle\8.3\executionHistory)" [_thread_blocked, id=1804, stack(0x00000063ab300000,0x00000063ab400000)]
  0x0000017570ce2900 JavaThread "Unconstrained build operations Thread 74" [_thread_blocked, id=16416, stack(0x00000063ab400000,0x00000063ab500000)]
  0x0000017570ce1ee0 JavaThread "Unconstrained build operations Thread 75" [_thread_blocked, id=19196, stack(0x00000063ab500000,0x00000063ab600000)]
  0x0000017570ce4250 JavaThread "Unconstrained build operations Thread 76" [_thread_blocked, id=6452, stack(0x00000063ab600000,0x00000063ab700000)]
  0x0000017570ce0aa0 JavaThread "Unconstrained build operations Thread 77" [_thread_blocked, id=17176, stack(0x00000063ab700000,0x00000063ab800000)]
  0x0000017570ce2e10 JavaThread "Unconstrained build operations Thread 78" [_thread_blocked, id=4048, stack(0x00000063ab800000,0x00000063ab900000)]
  0x0000017570ce7a00 JavaThread "Unconstrained build operations Thread 79" [_thread_blocked, id=15160, stack(0x00000063ab900000,0x00000063aba00000)]
  0x0000017570ce6fe0 JavaThread "Unconstrained build operations Thread 80" [_thread_blocked, id=10640, stack(0x00000063aba00000,0x00000063abb00000)]

Other Threads:
  0x000001754d343ac0 VMThread "VM Thread" [stack: 0x00000063a1f00000,0x00000063a2000000] [id=14848]
  0x000001752ef46230 WatcherThread [stack: 0x00000063a2b00000,0x00000063a2c00000] [id=10164]
  0x000001752ccbe830 GCTaskThread "GC Thread#0" [stack: 0x00000063a1a00000,0x00000063a1b00000] [id=1328]
  0x000001756da66e50 GCTaskThread "GC Thread#1" [stack: 0x00000063a2d00000,0x00000063a2e00000] [id=14524]
  0x000001756d91e960 GCTaskThread "GC Thread#2" [stack: 0x00000063a2e00000,0x00000063a2f00000] [id=1168]
  0x000001756d91ec20 GCTaskThread "GC Thread#3" [stack: 0x00000063a2f00000,0x00000063a3000000] [id=1880]
  0x000001756da63100 GCTaskThread "GC Thread#4" [stack: 0x00000063a3000000,0x00000063a3100000] [id=14780]
  0x000001756f6b6380 GCTaskThread "GC Thread#5" [stack: 0x00000063a4000000,0x00000063a4100000] [id=6760]
  0x000001756f6b5b40 GCTaskThread "GC Thread#6" [stack: 0x00000063a4400000,0x00000063a4500000] [id=9472]
  0x000001756f6b6640 GCTaskThread "GC Thread#7" [stack: 0x00000063a4500000,0x00000063a4600000] [id=4552]
  0x000001752ef2edb0 ConcurrentGCThread "G1 Main Marker" [stack: 0x00000063a1b00000,0x00000063a1c00000] [id=6060]
  0x000001752ef2fe70 ConcurrentGCThread "G1 Conc#0" [stack: 0x00000063a1c00000,0x00000063a1d00000] [id=17276]
  0x000001756f6b60c0 ConcurrentGCThread "G1 Conc#1" [stack: 0x00000063a4600000,0x00000063a4700000] [id=8420]
  0x000001752ef6db60 ConcurrentGCThread "G1 Refine#0" [stack: 0x00000063a1d00000,0x00000063a1e00000] [id=11144]
  0x000001752ef6e4a0 ConcurrentGCThread "G1 Service" [stack: 0x00000063a1e00000,0x00000063a1f00000] [id=2444]

Threads with active compile tasks:
C2 CompilerThread0    50801 15091   !   4       org.gradle.cache.internal.DefaultMultiProcessSafeIndexedCache::getIfPresent (25 bytes)
C2 CompilerThread1    50801 15135   !   4       java.util.concurrent.ArrayBlockingQueue::poll (83 bytes)

VM state: not at safepoint (normal execution)

VM Mutex/Monitor currently owned by a thread: None

Heap address: 0x0000000080000000, size: 2048 MB, Compressed Oops mode: 32-bit

CDS archive(s) mapped at: [0x000001754e000000-0x000001754ebd0000-0x000001754ebd0000), size 12386304, SharedBaseAddress: 0x000001754e000000, ArchiveRelocationMode: 1.
Compressed class space mapped at: 0x000001754f000000-0x0000017569000000, reserved size: 436207616
Narrow klass base: 0x000001754e000000, Narrow klass shift: 0, Narrow klass range: 0x100000000

GC Precious Log:
 CPUs: 8 total, 8 available
 Memory: 15809M
 Large Page Support: Disabled
 NUMA Support: Disabled
 Compressed Oops: Enabled (32-bit)
 Heap Region Size: 1M
 Heap Min Capacity: 8M
 Heap Initial Capacity: 248M
 Heap Max Capacity: 2G
 Pre-touch: Disabled
 Parallel Workers: 8
 Concurrent Workers: 2
 Concurrent Refinement Workers: 8
 Periodic GC: Disabled

Heap:
 garbage-first heap   total 196608K, used 165259K [0x0000000080000000, 0x0000000100000000)
  region size 1024K, 12 young (12288K), 2 survivors (2048K)
 Metaspace       used 102994K, committed 103936K, reserved 557056K
  class space    used 14332K, committed 14784K, reserved 425984K

Heap Regions: E=young(eden), S=young(survivor), O=old, HS=humongous(starts), HC=humongous(continues), CS=collection set, F=free, OA=open archive, CA=closed archive, TAMS=top-at-mark-start (previous, next)
|   0|0x0000000080000000, 0x0000000080100000, 0x0000000080100000|100%|HS|  |TAMS 0x0000000080100000, 0x0000000080000000| Complete 
|   1|0x0000000080100000, 0x0000000080200000, 0x0000000080200000|100%|HC|  |TAMS 0x0000000080200000, 0x0000000080100000| Complete 
|   2|0x0000000080200000, 0x0000000080300000, 0x0000000080300000|100%|HC|  |TAMS 0x0000000080300000, 0x0000000080200000| Complete 
|   3|0x0000000080300000, 0x0000000080400000, 0x0000000080400000|100%|HC|  |TAMS 0x0000000080400000, 0x0000000080300000| Complete 
|   4|0x0000000080400000, 0x0000000080500000, 0x0000000080500000|100%| O|  |TAMS 0x0000000080500000, 0x0000000080400000| Untracked 
|   5|0x0000000080500000, 0x0000000080600000, 0x0000000080600000|100%| O|  |TAMS 0x0000000080600000, 0x0000000080500000| Untracked 
|   6|0x0000000080600000, 0x0000000080700000, 0x0000000080700000|100%| O|  |TAMS 0x0000000080700000, 0x0000000080600000| Untracked 
|   7|0x0000000080700000, 0x0000000080800000, 0x0000000080800000|100%| O|  |TAMS 0x0000000080800000, 0x0000000080700000| Untracked 
|   8|0x0000000080800000, 0x0000000080900000, 0x0000000080900000|100%| O|  |TAMS 0x0000000080900000, 0x0000000080800000| Untracked 
|   9|0x0000000080900000, 0x0000000080a00000, 0x0000000080a00000|100%| O|  |TAMS 0x0000000080a00000, 0x0000000080900000| Untracked 
|  10|0x0000000080a00000, 0x0000000080b00000, 0x0000000080b00000|100%| O|  |TAMS 0x0000000080b00000, 0x0000000080a00000| Untracked 
|  11|0x0000000080b00000, 0x0000000080c00000, 0x0000000080c00000|100%| O|  |TAMS 0x0000000080c00000, 0x0000000080b00000| Untracked 
|  12|0x0000000080c00000, 0x0000000080d00000, 0x0000000080d00000|100%| O|  |TAMS 0x0000000080d00000, 0x0000000080c00000| Untracked 
|  13|0x0000000080d00000, 0x0000000080e00000, 0x0000000080e00000|100%| O|  |TAMS 0x0000000080e00000, 0x0000000080d00000| Untracked 
|  14|0x0000000080e00000, 0x0000000080f00000, 0x0000000080f00000|100%| O|  |TAMS 0x0000000080f00000, 0x0000000080e00000| Untracked 
|  15|0x0000000080f00000, 0x0000000081000000, 0x0000000081000000|100%| O|  |TAMS 0x0000000081000000, 0x0000000080f00000| Untracked 
|  16|0x0000000081000000, 0x0000000081100000, 0x0000000081100000|100%| O|  |TAMS 0x0000000081100000, 0x0000000081000000| Untracked 
|  17|0x0000000081100000, 0x0000000081200000, 0x0000000081200000|100%| O|  |TAMS 0x0000000081200000, 0x0000000081100000| Untracked 
|  18|0x0000000081200000, 0x0000000081300000, 0x0000000081300000|100%| O|  |TAMS 0x0000000081300000, 0x0000000081200000| Untracked 
|  19|0x0000000081300000, 0x0000000081400000, 0x0000000081400000|100%| O|  |TAMS 0x0000000081400000, 0x0000000081300000| Untracked 
|  20|0x0000000081400000, 0x0000000081500000, 0x0000000081500000|100%| O|  |TAMS 0x0000000081500000, 0x0000000081400000| Untracked 
|  21|0x0000000081500000, 0x0000000081600000, 0x0000000081600000|100%| O|  |TAMS 0x0000000081600000, 0x0000000081500000| Untracked 
|  22|0x0000000081600000, 0x0000000081700000, 0x0000000081700000|100%| O|  |TAMS 0x0000000081700000, 0x0000000081600000| Untracked 
|  23|0x0000000081700000, 0x0000000081800000, 0x0000000081800000|100%| O|  |TAMS 0x0000000081800000, 0x0000000081700000| Untracked 
|  24|0x0000000081800000, 0x0000000081900000, 0x0000000081900000|100%| O|  |TAMS 0x0000000081900000, 0x0000000081800000| Untracked 
|  25|0x0000000081900000, 0x0000000081a00000, 0x0000000081a00000|100%| O|  |TAMS 0x0000000081a00000, 0x0000000081900000| Untracked 
|  26|0x0000000081a00000, 0x0000000081b00000, 0x0000000081b00000|100%| O|  |TAMS 0x0000000081b00000, 0x0000000081a00000| Untracked 
|  27|0x0000000081b00000, 0x0000000081c00000, 0x0000000081c00000|100%| O|  |TAMS 0x0000000081c00000, 0x0000000081b00000| Untracked 
|  28|0x0000000081c00000, 0x0000000081d00000, 0x0000000081d00000|100%| O|  |TAMS 0x0000000081d00000, 0x0000000081c00000| Untracked 
|  29|0x0000000081d00000, 0x0000000081e00000, 0x0000000081e00000|100%| O|  |TAMS 0x0000000081e00000, 0x0000000081d00000| Untracked 
|  30|0x0000000081e00000, 0x0000000081f00000, 0x0000000081f00000|100%| O|  |TAMS 0x0000000081f00000, 0x0000000081e00000| Untracked 
|  31|0x0000000081f00000, 0x0000000082000000, 0x0000000082000000|100%| O|  |TAMS 0x0000000082000000, 0x0000000081f00000| Untracked 
|  32|0x0000000082000000, 0x0000000082100000, 0x0000000082100000|100%| O|  |TAMS 0x0000000082100000, 0x0000000082000000| Untracked 
|  33|0x0000000082100000, 0x0000000082200000, 0x0000000082200000|100%| O|  |TAMS 0x0000000082200000, 0x0000000082100000| Untracked 
|  34|0x0000000082200000, 0x0000000082300000, 0x0000000082300000|100%| O|  |TAMS 0x0000000082300000, 0x0000000082200000| Untracked 
|  35|0x0000000082300000, 0x0000000082400000, 0x0000000082400000|100%| O|  |TAMS 0x0000000082400000, 0x0000000082300000| Untracked 
|  36|0x0000000082400000, 0x0000000082500000, 0x0000000082500000|100%| O|  |TAMS 0x0000000082500000, 0x0000000082400000| Untracked 
|  37|0x0000000082500000, 0x0000000082600000, 0x0000000082600000|100%| O|  |TAMS 0x0000000082600000, 0x0000000082500000| Untracked 
|  38|0x0000000082600000, 0x0000000082700000, 0x0000000082700000|100%|HS|  |TAMS 0x0000000082700000, 0x0000000082600000| Complete 
|  39|0x0000000082700000, 0x0000000082800000, 0x0000000082800000|100%|HC|  |TAMS 0x0000000082800000, 0x0000000082700000| Complete 
|  40|0x0000000082800000, 0x0000000082900000, 0x0000000082900000|100%|HS|  |TAMS 0x0000000082900000, 0x0000000082800000| Complete 
|  41|0x0000000082900000, 0x0000000082a00000, 0x0000000082a00000|100%|HC|  |TAMS 0x0000000082a00000, 0x0000000082900000| Complete 
|  42|0x0000000082a00000, 0x0000000082b00000, 0x0000000082b00000|100%| O|  |TAMS 0x0000000082b00000, 0x0000000082a00000| Untracked 
|  43|0x0000000082b00000, 0x0000000082c00000, 0x0000000082c00000|100%| O|  |TAMS 0x0000000082c00000, 0x0000000082b00000| Untracked 
|  44|0x0000000082c00000, 0x0000000082d00000, 0x0000000082d00000|100%|HS|  |TAMS 0x0000000082d00000, 0x0000000082c00000| Complete 
|  45|0x0000000082d00000, 0x0000000082e00000, 0x0000000082e00000|100%|HC|  |TAMS 0x0000000082e00000, 0x0000000082d00000| Complete 
|  46|0x0000000082e00000, 0x0000000082f00000, 0x0000000082f00000|100%|HC|  |TAMS 0x0000000082f00000, 0x0000000082e00000| Complete 
|  47|0x0000000082f00000, 0x0000000083000000, 0x0000000083000000|100%|HC|  |TAMS 0x0000000083000000, 0x0000000082f00000| Complete 
|  48|0x0000000083000000, 0x0000000083100000, 0x0000000083100000|100%| O|  |TAMS 0x0000000083100000, 0x0000000083000000| Untracked 
|  49|0x0000000083100000, 0x0000000083200000, 0x0000000083200000|100%| O|  |TAMS 0x0000000083200000, 0x0000000083100000| Untracked 
|  50|0x0000000083200000, 0x0000000083300000, 0x0000000083300000|100%| O|  |TAMS 0x0000000083300000, 0x0000000083200000| Untracked 
|  51|0x0000000083300000, 0x0000000083400000, 0x0000000083400000|100%| O|  |TAMS 0x0000000083400000, 0x0000000083300000| Untracked 
|  52|0x0000000083400000, 0x0000000083500000, 0x0000000083500000|100%|HS|  |TAMS 0x0000000083500000, 0x0000000083400000| Complete 
|  53|0x0000000083500000, 0x0000000083600000, 0x0000000083600000|100%|HC|  |TAMS 0x0000000083600000, 0x0000000083500000| Complete 
|  54|0x0000000083600000, 0x0000000083700000, 0x0000000083700000|100%|HC|  |TAMS 0x0000000083700000, 0x0000000083600000| Complete 
|  55|0x0000000083700000, 0x0000000083800000, 0x0000000083800000|100%|HC|  |TAMS 0x0000000083800000, 0x0000000083700000| Complete 
|  56|0x0000000083800000, 0x0000000083900000, 0x0000000083900000|100%| O|  |TAMS 0x0000000083900000, 0x0000000083800000| Untracked 
|  57|0x0000000083900000, 0x0000000083a00000, 0x0000000083a00000|100%| O|  |TAMS 0x0000000083a00000, 0x0000000083900000| Untracked 
|  58|0x0000000083a00000, 0x0000000083b00000, 0x0000000083b00000|100%| O|  |TAMS 0x0000000083b00000, 0x0000000083a00000| Untracked 
|  59|0x0000000083b00000, 0x0000000083c00000, 0x0000000083c00000|100%| O|  |TAMS 0x0000000083c00000, 0x0000000083b00000| Untracked 
|  60|0x0000000083c00000, 0x0000000083d00000, 0x0000000083d00000|100%| O|  |TAMS 0x0000000083d00000, 0x0000000083c00000| Untracked 
|  61|0x0000000083d00000, 0x0000000083e00000, 0x0000000083e00000|100%| O|  |TAMS 0x0000000083e00000, 0x0000000083d00000| Untracked 
|  62|0x0000000083e00000, 0x0000000083f00000, 0x0000000083f00000|100%| O|  |TAMS 0x0000000083f00000, 0x0000000083e00000| Untracked 
|  63|0x0000000083f00000, 0x0000000084000000, 0x0000000084000000|100%|HS|  |TAMS 0x0000000083f00000, 0x0000000083f00000| Complete 
|  64|0x0000000084000000, 0x0000000084100000, 0x0000000084100000|100%| O|  |TAMS 0x0000000084100000, 0x0000000084000000| Untracked 
|  65|0x0000000084100000, 0x0000000084200000, 0x0000000084200000|100%|HS|  |TAMS 0x0000000084200000, 0x0000000084100000| Complete 
|  66|0x0000000084200000, 0x0000000084300000, 0x0000000084300000|100%|HS|  |TAMS 0x0000000084300000, 0x0000000084200000| Complete 
|  67|0x0000000084300000, 0x0000000084400000, 0x0000000084400000|100%|HS|  |TAMS 0x0000000084400000, 0x0000000084300000| Complete 
|  68|0x0000000084400000, 0x0000000084500000, 0x0000000084500000|100%| O|  |TAMS 0x0000000084500000, 0x0000000084400000| Untracked 
|  69|0x0000000084500000, 0x0000000084600000, 0x0000000084600000|100%| O|  |TAMS 0x0000000084600000, 0x0000000084500000| Untracked 
|  70|0x0000000084600000, 0x0000000084700000, 0x0000000084700000|100%| O|  |TAMS 0x0000000084700000, 0x0000000084600000| Untracked 
|  71|0x0000000084700000, 0x0000000084800000, 0x0000000084800000|100%| O|  |TAMS 0x0000000084800000, 0x0000000084700000| Untracked 
|  72|0x0000000084800000, 0x0000000084900000, 0x0000000084900000|100%|HS|  |TAMS 0x0000000084900000, 0x0000000084800000| Complete 
|  73|0x0000000084900000, 0x0000000084a00000, 0x0000000084a00000|100%| O|  |TAMS 0x0000000084a00000, 0x0000000084900000| Untracked 
|  74|0x0000000084a00000, 0x0000000084b00000, 0x0000000084b00000|100%| O|  |TAMS 0x0000000084b00000, 0x0000000084a00000| Untracked 
|  75|0x0000000084b00000, 0x0000000084c00000, 0x0000000084c00000|100%| O|  |TAMS 0x0000000084c00000, 0x0000000084b00000| Untracked 
|  76|0x0000000084c00000, 0x0000000084d00000, 0x0000000084d00000|100%| O|  |TAMS 0x0000000084d00000, 0x0000000084c00000| Untracked 
|  77|0x0000000084d00000, 0x0000000084e00000, 0x0000000084e00000|100%| O|  |TAMS 0x0000000084e00000, 0x0000000084d00000| Untracked 
|  78|0x0000000084e00000, 0x0000000084f00000, 0x0000000084f00000|100%| O|  |TAMS 0x0000000084f00000, 0x0000000084e00000| Untracked 
|  79|0x0000000084f00000, 0x0000000085000000, 0x0000000085000000|100%| O|  |TAMS 0x0000000085000000, 0x0000000084f00000| Untracked 
|  80|0x0000000085000000, 0x0000000085100000, 0x0000000085100000|100%| O|  |TAMS 0x0000000085100000, 0x0000000085000000| Untracked 
|  81|0x0000000085100000, 0x0000000085200000, 0x0000000085200000|100%| O|  |TAMS 0x0000000085200000, 0x0000000085100000| Untracked 
|  82|0x0000000085200000, 0x0000000085300000, 0x0000000085300000|100%| O|  |TAMS 0x0000000085300000, 0x0000000085200000| Untracked 
|  83|0x0000000085300000, 0x0000000085400000, 0x0000000085400000|100%| O|  |TAMS 0x0000000085400000, 0x0000000085300000| Untracked 
|  84|0x0000000085400000, 0x0000000085500000, 0x0000000085500000|100%| O|  |TAMS 0x0000000085500000, 0x0000000085400000| Untracked 
|  85|0x0000000085500000, 0x0000000085600000, 0x0000000085600000|100%| O|  |TAMS 0x0000000085600000, 0x0000000085500000| Untracked 
|  86|0x0000000085600000, 0x0000000085700000, 0x0000000085700000|100%| O|  |TAMS 0x0000000085700000, 0x0000000085600000| Untracked 
|  87|0x0000000085700000, 0x0000000085800000, 0x0000000085800000|100%| O|  |TAMS 0x0000000085800000, 0x0000000085700000| Untracked 
|  88|0x0000000085800000, 0x0000000085900000, 0x0000000085900000|100%| O|  |TAMS 0x0000000085900000, 0x0000000085800000| Untracked 
|  89|0x0000000085900000, 0x0000000085a00000, 0x0000000085a00000|100%| O|  |TAMS 0x0000000085a00000, 0x0000000085900000| Untracked 
|  90|0x0000000085a00000, 0x0000000085b00000, 0x0000000085b00000|100%| O|  |TAMS 0x0000000085b00000, 0x0000000085a00000| Untracked 
|  91|0x0000000085b00000, 0x0000000085c00000, 0x0000000085c00000|100%|HS|  |TAMS 0x0000000085c00000, 0x0000000085b00000| Complete 
|  92|0x0000000085c00000, 0x0000000085d00000, 0x0000000085d00000|100%|HS|  |TAMS 0x0000000085d00000, 0x0000000085c00000| Complete 
|  93|0x0000000085d00000, 0x0000000085e00000, 0x0000000085e00000|100%|HS|  |TAMS 0x0000000085e00000, 0x0000000085d00000| Complete 
|  94|0x0000000085e00000, 0x0000000085f00000, 0x0000000085f00000|100%|HC|  |TAMS 0x0000000085f00000, 0x0000000085e00000| Complete 
|  95|0x0000000085f00000, 0x0000000086000000, 0x0000000086000000|100%| O|  |TAMS 0x0000000086000000, 0x0000000085f00000| Untracked 
|  96|0x0000000086000000, 0x0000000086100000, 0x0000000086100000|100%| O|  |TAMS 0x0000000086100000, 0x0000000086000000| Untracked 
|  97|0x0000000086100000, 0x0000000086200000, 0x0000000086200000|100%| O|  |TAMS 0x0000000086200000, 0x0000000086100000| Untracked 
|  98|0x0000000086200000, 0x0000000086300000, 0x0000000086300000|100%| O|  |TAMS 0x0000000086300000, 0x0000000086200000| Untracked 
|  99|0x0000000086300000, 0x0000000086400000, 0x0000000086400000|100%| O|  |TAMS 0x0000000086400000, 0x0000000086300000| Untracked 
| 100|0x0000000086400000, 0x0000000086500000, 0x0000000086500000|100%| O|  |TAMS 0x0000000086500000, 0x0000000086400000| Untracked 
| 101|0x0000000086500000, 0x0000000086600000, 0x0000000086600000|100%| O|  |TAMS 0x0000000086600000, 0x0000000086500000| Untracked 
| 102|0x0000000086600000, 0x0000000086700000, 0x0000000086700000|100%| O|  |TAMS 0x0000000086700000, 0x0000000086600000| Untracked 
| 103|0x0000000086700000, 0x0000000086800000, 0x0000000086800000|100%| O|  |TAMS 0x000000008673fa00, 0x0000000086700000| Untracked 
| 104|0x0000000086800000, 0x0000000086900000, 0x0000000086900000|100%| O|  |TAMS 0x0000000086800000, 0x0000000086800000| Untracked 
| 105|0x0000000086900000, 0x0000000086a00000, 0x0000000086a00000|100%| O|  |TAMS 0x0000000086900000, 0x0000000086900000| Untracked 
| 106|0x0000000086a00000, 0x0000000086b00000, 0x0000000086b00000|100%| O|  |TAMS 0x0000000086a00000, 0x0000000086a00000| Untracked 
| 107|0x0000000086b00000, 0x0000000086c00000, 0x0000000086c00000|100%| O|  |TAMS 0x0000000086b00000, 0x0000000086b00000| Untracked 
| 108|0x0000000086c00000, 0x0000000086d00000, 0x0000000086d00000|100%| O|  |TAMS 0x0000000086c00000, 0x0000000086c00000| Untracked 
| 109|0x0000000086d00000, 0x0000000086e00000, 0x0000000086e00000|100%| O|  |TAMS 0x0000000086d00000, 0x0000000086d00000| Untracked 
| 110|0x0000000086e00000, 0x0000000086f00000, 0x0000000086f00000|100%|HS|  |TAMS 0x0000000086e00000, 0x0000000086e00000| Complete 
| 111|0x0000000086f00000, 0x0000000087000000, 0x0000000087000000|100%|HS|  |TAMS 0x0000000086f00000, 0x0000000086f00000| Complete 
| 112|0x0000000087000000, 0x0000000087100000, 0x0000000087100000|100%| O|  |TAMS 0x0000000087000000, 0x0000000087000000| Untracked 
| 113|0x0000000087100000, 0x0000000087200000, 0x0000000087200000|100%| O|  |TAMS 0x0000000087100000, 0x0000000087100000| Untracked 
| 114|0x0000000087200000, 0x0000000087300000, 0x0000000087300000|100%| O|  |TAMS 0x0000000087200000, 0x0000000087200000| Untracked 
| 115|0x0000000087300000, 0x0000000087400000, 0x0000000087400000|100%| O|  |TAMS 0x0000000087300000, 0x0000000087300000| Untracked 
| 116|0x0000000087400000, 0x0000000087500000, 0x0000000087500000|100%| O|  |TAMS 0x0000000087400000, 0x0000000087400000| Untracked 
| 117|0x0000000087500000, 0x0000000087600000, 0x0000000087600000|100%| O|  |TAMS 0x0000000087500000, 0x0000000087500000| Untracked 
| 118|0x0000000087600000, 0x0000000087700000, 0x0000000087700000|100%| O|  |TAMS 0x0000000087600000, 0x0000000087600000| Untracked 
| 119|0x0000000087700000, 0x0000000087800000, 0x0000000087800000|100%| O|  |TAMS 0x0000000087700000, 0x0000000087700000| Untracked 
| 120|0x0000000087800000, 0x0000000087900000, 0x0000000087900000|100%| O|  |TAMS 0x0000000087800000, 0x0000000087800000| Untracked 
| 121|0x0000000087900000, 0x0000000087a00000, 0x0000000087a00000|100%| O|  |TAMS 0x0000000087900000, 0x0000000087900000| Untracked 
| 122|0x0000000087a00000, 0x0000000087b00000, 0x0000000087b00000|100%| O|  |TAMS 0x0000000087a00000, 0x0000000087a00000| Untracked 
| 123|0x0000000087b00000, 0x0000000087c00000, 0x0000000087c00000|100%| O|  |TAMS 0x0000000087b00000, 0x0000000087b00000| Untracked 
| 124|0x0000000087c00000, 0x0000000087d00000, 0x0000000087d00000|100%| O|  |TAMS 0x0000000087c00000, 0x0000000087c00000| Untracked 
| 125|0x0000000087d00000, 0x0000000087e00000, 0x0000000087e00000|100%| O|  |TAMS 0x0000000087d00000, 0x0000000087d00000| Untracked 
| 126|0x0000000087e00000, 0x0000000087f00000, 0x0000000087f00000|100%| O|  |TAMS 0x0000000087e00000, 0x0000000087e00000| Untracked 
| 127|0x0000000087f00000, 0x0000000088000000, 0x0000000088000000|100%| O|  |TAMS 0x0000000087f00000, 0x0000000087f00000| Untracked 
| 128|0x0000000088000000, 0x0000000088100000, 0x0000000088100000|100%| O|  |TAMS 0x0000000088000000, 0x0000000088000000| Untracked 
| 129|0x0000000088100000, 0x0000000088200000, 0x0000000088200000|100%| O|  |TAMS 0x0000000088100000, 0x0000000088100000| Untracked 
| 130|0x0000000088200000, 0x0000000088300000, 0x0000000088300000|100%| O|  |TAMS 0x0000000088200000, 0x0000000088200000| Untracked 
| 131|0x0000000088300000, 0x0000000088400000, 0x0000000088400000|100%| O|  |TAMS 0x0000000088300000, 0x0000000088300000| Untracked 
| 132|0x0000000088400000, 0x0000000088500000, 0x0000000088500000|100%| O|  |TAMS 0x0000000088400000, 0x0000000088400000| Untracked 
| 133|0x0000000088500000, 0x0000000088600000, 0x0000000088600000|100%| O|  |TAMS 0x0000000088500000, 0x0000000088500000| Untracked 
| 134|0x0000000088600000, 0x0000000088700000, 0x0000000088700000|100%| O|  |TAMS 0x0000000088600000, 0x0000000088600000| Untracked 
| 135|0x0000000088700000, 0x0000000088800000, 0x0000000088800000|100%| O|  |TAMS 0x0000000088700000, 0x0000000088700000| Untracked 
| 136|0x0000000088800000, 0x0000000088900000, 0x0000000088900000|100%| O|  |TAMS 0x0000000088800000, 0x0000000088800000| Untracked 
| 137|0x0000000088900000, 0x0000000088a00000, 0x0000000088a00000|100%| O|  |TAMS 0x0000000088900000, 0x0000000088900000| Untracked 
| 138|0x0000000088a00000, 0x0000000088b00000, 0x0000000088b00000|100%| O|  |TAMS 0x0000000088a00000, 0x0000000088a00000| Untracked 
| 139|0x0000000088b00000, 0x0000000088c00000, 0x0000000088c00000|100%| O|  |TAMS 0x0000000088b00000, 0x0000000088b00000| Untracked 
| 140|0x0000000088c00000, 0x0000000088d00000, 0x0000000088d00000|100%| O|  |TAMS 0x0000000088c00000, 0x0000000088c00000| Untracked 
| 141|0x0000000088d00000, 0x0000000088e00000, 0x0000000088e00000|100%| O|  |TAMS 0x0000000088d00000, 0x0000000088d00000| Untracked 
| 142|0x0000000088e00000, 0x0000000088f00000, 0x0000000088f00000|100%| O|  |TAMS 0x0000000088e00000, 0x0000000088e00000| Untracked 
| 143|0x0000000088f00000, 0x0000000089000000, 0x0000000089000000|100%| O|  |TAMS 0x0000000088f00000, 0x0000000088f00000| Untracked 
| 144|0x0000000089000000, 0x0000000089100000, 0x0000000089100000|100%| O|  |TAMS 0x0000000089000000, 0x0000000089000000| Untracked 
| 145|0x0000000089100000, 0x0000000089200000, 0x0000000089200000|100%| O|  |TAMS 0x0000000089100000, 0x0000000089100000| Untracked 
| 146|0x0000000089200000, 0x0000000089300000, 0x0000000089300000|100%| O|  |TAMS 0x0000000089200000, 0x0000000089200000| Untracked 
| 147|0x0000000089300000, 0x0000000089400000, 0x0000000089400000|100%| O|  |TAMS 0x0000000089300000, 0x0000000089300000| Untracked 
| 148|0x0000000089400000, 0x0000000089500000, 0x0000000089500000|100%| O|  |TAMS 0x0000000089400000, 0x0000000089400000| Untracked 
| 149|0x0000000089500000, 0x0000000089600000, 0x0000000089600000|100%| O|  |TAMS 0x0000000089500000, 0x0000000089500000| Untracked 
| 150|0x0000000089600000, 0x0000000089700000, 0x0000000089700000|100%| O|  |TAMS 0x0000000089600000, 0x0000000089600000| Untracked 
| 151|0x0000000089700000, 0x0000000089721e00, 0x0000000089800000| 13%| O|  |TAMS 0x0000000089700000, 0x0000000089700000| Untracked 
| 152|0x0000000089800000, 0x0000000089800000, 0x0000000089900000|  0%| F|  |TAMS 0x0000000089800000, 0x0000000089800000| Untracked 
| 153|0x0000000089900000, 0x0000000089900000, 0x0000000089a00000|  0%| F|  |TAMS 0x0000000089900000, 0x0000000089900000| Untracked 
| 154|0x0000000089a00000, 0x0000000089a00000, 0x0000000089b00000|  0%| F|  |TAMS 0x0000000089a00000, 0x0000000089a00000| Untracked 
| 155|0x0000000089b00000, 0x0000000089b00000, 0x0000000089c00000|  0%| F|  |TAMS 0x0000000089b00000, 0x0000000089b00000| Untracked 
| 156|0x0000000089c00000, 0x0000000089c00000, 0x0000000089d00000|  0%| F|  |TAMS 0x0000000089c00000, 0x0000000089c00000| Untracked 
| 157|0x0000000089d00000, 0x0000000089d00000, 0x0000000089e00000|  0%| F|  |TAMS 0x0000000089d00000, 0x0000000089d00000| Untracked 
| 158|0x0000000089e00000, 0x0000000089e00000, 0x0000000089f00000|  0%| F|  |TAMS 0x0000000089e00000, 0x0000000089e00000| Untracked 
| 159|0x0000000089f00000, 0x0000000089f00000, 0x000000008a000000|  0%| F|  |TAMS 0x0000000089f00000, 0x0000000089f00000| Untracked 
| 160|0x000000008a000000, 0x000000008a000000, 0x000000008a100000|  0%| F|  |TAMS 0x000000008a000000, 0x000000008a000000| Untracked 
| 161|0x000000008a100000, 0x000000008a100000, 0x000000008a200000|  0%| F|  |TAMS 0x000000008a100000, 0x000000008a100000| Untracked 
| 162|0x000000008a200000, 0x000000008a200000, 0x000000008a300000|  0%| F|  |TAMS 0x000000008a200000, 0x000000008a200000| Untracked 
| 163|0x000000008a300000, 0x000000008a300000, 0x000000008a400000|  0%| F|  |TAMS 0x000000008a300000, 0x000000008a300000| Untracked 
| 164|0x000000008a400000, 0x000000008a400000, 0x000000008a500000|  0%| F|  |TAMS 0x000000008a400000, 0x000000008a400000| Untracked 
| 165|0x000000008a500000, 0x000000008a500000, 0x000000008a600000|  0%| F|  |TAMS 0x000000008a500000, 0x000000008a500000| Untracked 
| 166|0x000000008a600000, 0x000000008a600000, 0x000000008a700000|  0%| F|  |TAMS 0x000000008a600000, 0x000000008a600000| Untracked 
| 167|0x000000008a700000, 0x000000008a700000, 0x000000008a800000|  0%| F|  |TAMS 0x000000008a700000, 0x000000008a700000| Untracked 
| 168|0x000000008a800000, 0x000000008a800000, 0x000000008a900000|  0%| F|  |TAMS 0x000000008a800000, 0x000000008a800000| Untracked 
| 169|0x000000008a900000, 0x000000008a900000, 0x000000008aa00000|  0%| F|  |TAMS 0x000000008a900000, 0x000000008a900000| Untracked 
| 170|0x000000008aa00000, 0x000000008aa00000, 0x000000008ab00000|  0%| F|  |TAMS 0x000000008aa00000, 0x000000008aa00000| Untracked 
| 171|0x000000008ab00000, 0x000000008ab00000, 0x000000008ac00000|  0%| F|  |TAMS 0x000000008ab00000, 0x000000008ab00000| Untracked 
| 172|0x000000008ac00000, 0x000000008ac00000, 0x000000008ad00000|  0%| F|  |TAMS 0x000000008ac00000, 0x000000008ac00000| Untracked 
| 173|0x000000008ad00000, 0x000000008ad00000, 0x000000008ae00000|  0%| F|  |TAMS 0x000000008ad00000, 0x000000008ad00000| Untracked 
| 174|0x000000008ae00000, 0x000000008ae00000, 0x000000008af00000|  0%| F|  |TAMS 0x000000008ae00000, 0x000000008ae00000| Untracked 
| 175|0x000000008af00000, 0x000000008af00000, 0x000000008b000000|  0%| F|  |TAMS 0x000000008af00000, 0x000000008af00000| Untracked 
| 176|0x000000008b000000, 0x000000008b040fa0, 0x000000008b100000| 25%| S|CS|TAMS 0x000000008b000000, 0x000000008b000000| Complete 
| 177|0x000000008b100000, 0x000000008b200000, 0x000000008b200000|100%| S|CS|TAMS 0x000000008b100000, 0x000000008b100000| Complete 
| 178|0x000000008b200000, 0x000000008b200000, 0x000000008b300000|  0%| F|  |TAMS 0x000000008b200000, 0x000000008b200000| Untracked 
| 179|0x000000008b300000, 0x000000008b300000, 0x000000008b400000|  0%| F|  |TAMS 0x000000008b300000, 0x000000008b300000| Untracked 
| 180|0x000000008b400000, 0x000000008b400000, 0x000000008b500000|  0%| F|  |TAMS 0x000000008b400000, 0x000000008b400000| Untracked 
| 181|0x000000008b500000, 0x000000008b500000, 0x000000008b600000|  0%| F|  |TAMS 0x000000008b500000, 0x000000008b500000| Untracked 
| 182|0x000000008b600000, 0x000000008b6a89d0, 0x000000008b700000| 65%| E|  |TAMS 0x000000008b600000, 0x000000008b600000| Complete 
| 183|0x000000008b700000, 0x000000008b800000, 0x000000008b800000|100%| E|CS|TAMS 0x000000008b700000, 0x000000008b700000| Complete 
| 184|0x000000008b800000, 0x000000008b900000, 0x000000008b900000|100%| E|CS|TAMS 0x000000008b800000, 0x000000008b800000| Complete 
| 185|0x000000008b900000, 0x000000008ba00000, 0x000000008ba00000|100%| E|CS|TAMS 0x000000008b900000, 0x000000008b900000| Complete 
| 186|0x000000008ba00000, 0x000000008bb00000, 0x000000008bb00000|100%| E|CS|TAMS 0x000000008ba00000, 0x000000008ba00000| Complete 
| 187|0x000000008bb00000, 0x000000008bc00000, 0x000000008bc00000|100%| E|CS|TAMS 0x000000008bb00000, 0x000000008bb00000| Complete 
| 188|0x000000008bc00000, 0x000000008bd00000, 0x000000008bd00000|100%| E|CS|TAMS 0x000000008bc00000, 0x000000008bc00000| Complete 
| 189|0x000000008bd00000, 0x000000008be00000, 0x000000008be00000|100%| E|CS|TAMS 0x000000008bd00000, 0x000000008bd00000| Complete 
| 190|0x000000008be00000, 0x000000008bf00000, 0x000000008bf00000|100%| E|CS|TAMS 0x000000008be00000, 0x000000008be00000| Complete 
| 247|0x000000008f700000, 0x000000008f800000, 0x000000008f800000|100%| E|CS|TAMS 0x000000008f700000, 0x000000008f700000| Complete 

Card table byte_map: [0x00000175460e0000,0x00000175464e0000] _byte_map_base: 0x0000017545ce0000

Marking Bits (Prev, Next): (CMBitMap*) 0x000001752ef1e700, (CMBitMap*) 0x000001752ef1e6c0
 Prev Bits: [0x00000175488e0000, 0x000001754a8e0000)
 Next Bits: [0x00000175468e0000, 0x00000175488e0000)

Polling page: 0x000001752ce40000

Metaspace:

Usage:
  Non-class:     86.59 MB used.
      Class:     14.00 MB used.
       Both:    100.58 MB used.

Virtual space:
  Non-class space:      128.00 MB reserved,      87.06 MB ( 68%) committed,  2 nodes.
      Class space:      416.00 MB reserved,      14.44 MB (  3%) committed,  1 nodes.
             Both:      544.00 MB reserved,     101.50 MB ( 19%) committed. 

Chunk freelists:
   Non-Class:  8.22 MB
       Class:  1.57 MB
        Both:  9.78 MB

MaxMetaspaceSize: 512.00 MB
CompressedClassSpaceSize: 416.00 MB
Initial GC threshold: 21.00 MB
Current GC threshold: 151.88 MB
CDS: on
MetaspaceReclaimPolicy: balanced
 - commit_granule_bytes: 65536.
 - commit_granule_words: 8192.
 - virtual_space_node_default_size: 8388608.
 - enlarge_chunks_in_place: 1.
 - new_chunks_are_fully_committed: 0.
 - uncommit_free_chunks: 1.
 - use_allocation_guard: 0.
 - handle_deallocations: 1.


Internal statistics:

num_allocs_failed_limit: 6.
num_arena_births: 1196.
num_arena_deaths: 0.
num_vsnodes_births: 3.
num_vsnodes_deaths: 0.
num_space_committed: 1624.
num_space_uncommitted: 0.
num_chunks_returned_to_freelist: 6.
num_chunks_taken_from_freelist: 5524.
num_chunk_merges: 6.
num_chunk_splits: 3601.
num_chunks_enlarged: 2326.
num_inconsistent_stats: 0.

CodeHeap 'non-profiled nmethods': size=120000Kb used=9386Kb max_used=9386Kb free=110614Kb
 bounds [0x000001753e480000, 0x000001753edb0000, 0x00000175459b0000]
CodeHeap 'profiled nmethods': size=120000Kb used=25033Kb max_used=25033Kb free=94966Kb
 bounds [0x00000175369b0000, 0x0000017538230000, 0x000001753dee0000]
CodeHeap 'non-nmethods': size=5760Kb used=2440Kb max_used=2525Kb free=3319Kb
 bounds [0x000001753dee0000, 0x000001753e170000, 0x000001753e480000]
 total_blobs=13848 nmethods=12873 adapters=886
 compilation: enabled
              stopped_count=0, restarted_count=0
 full_count=0

Compilation events (20 events):
Event: 50.705 Thread 0x000001754d46b800 15105       3       org.gradle.internal.execution.history.changes.CompareStrategy::visitChangesSince (83 bytes)
Event: 50.705 Thread 0x000001754d46b800 nmethod 15105 0x0000017538213490 code [0x00000175382136e0, 0x00000175382142b8]
Event: 50.705 Thread 0x000001754d46b800 15104       3       org.gradle.internal.execution.UnitOfWork::getOverlappingOutputHandling (4 bytes)
Event: 50.705 Thread 0x000001754d46b800 nmethod 15104 0x0000017538214590 code [0x0000017538214720, 0x0000017538214838]
Event: 50.710 Thread 0x000001754d46b800 15106       3       org.gradle.internal.execution.UnitOfWork::validate (1 bytes)
Event: 50.710 Thread 0x000001754d46b800 nmethod 15106 0x0000017538214910 code [0x0000017538214aa0, 0x0000017538214bb8]
Event: 50.710 Thread 0x000001754d46b800 15107       3       org.gradle.internal.execution.steps.ResolveCachingStateStep::execute (10 bytes)
Event: 50.710 Thread 0x000001754d46b800 nmethod 15107 0x0000017538214c90 code [0x0000017538214e40, 0x0000017538215088]
Event: 50.710 Thread 0x000001754d46b800 15108       3       sun.nio.fs.WindowsSecurityDescriptor::address (19 bytes)
Event: 50.711 Thread 0x000001754d46b800 nmethod 15108 0x0000017538215190 code [0x0000017538215340, 0x00000175382154f8]
Event: 50.713 Thread 0x000001754d46b800 15109       3       sun.nio.ch.FileDispatcherImpl::seek (6 bytes)
Event: 50.713 Thread 0x000001754d46b800 nmethod 15109 0x0000017538215590 code [0x0000017538215720, 0x0000017538215868]
Event: 50.714 Thread 0x000001754d46b800 15111       3       com.google.common.cache.Striped64$Cell::cas (13 bytes)
Event: 50.714 Thread 0x000001754d46b800 nmethod 15111 0x0000017538215910 code [0x0000017538215aa0, 0x0000017538215c38]
Event: 50.714 Thread 0x000001754d46b800 15112       3       org.gradle.internal.execution.steps.IdentityCacheStep$$Lambda$2030/0x000001754fe4d440::get (16 bytes)
Event: 50.715 Thread 0x000001754d46b800 nmethod 15112 0x0000017538215d10 code [0x0000017538215f20, 0x0000017538216728]
Event: 50.715 Thread 0x000001754d46b800 15113       3       org.gradle.api.internal.artifacts.transform.AbstractTransformExecution::getWorkspaceProvider (10 bytes)
Event: 50.715 Thread 0x000001754d46b800 nmethod 15113 0x0000017538216990 code [0x0000017538216b40, 0x0000017538216d08]
Event: 50.716 Thread 0x000001754d46b800 15114       3       org.gradle.api.internal.artifacts.transform.AbstractTransformExecution::markLegacySnapshottingInputsStarted (30 bytes)
Event: 50.717 Thread 0x000001754d46b800 nmethod 15114 0x0000017538216e10 code [0x0000017538217020, 0x00000175382177e8]

GC Heap History (20 events):
Event: 42.752 GC heap before
{Heap before GC invocations=63 (full 0):
 garbage-first heap   total 196608K, used 161171K [0x0000000080000000, 0x0000000100000000)
  region size 1024K, 27 young (27648K), 2 survivors (2048K)
 Metaspace       used 99003K, committed 99968K, reserved 557056K
  class space    used 13864K, committed 14336K, reserved 425984K
}
Event: 42.755 GC heap after
{Heap after GC invocations=64 (full 0):
 garbage-first heap   total 196608K, used 137787K [0x0000000080000000, 0x0000000100000000)
  region size 1024K, 3 young (3072K), 3 survivors (3072K)
 Metaspace       used 99003K, committed 99968K, reserved 557056K
  class space    used 13864K, committed 14336K, reserved 425984K
}
Event: 43.579 GC heap before
{Heap before GC invocations=64 (full 0):
 garbage-first heap   total 196608K, used 164411K [0x0000000080000000, 0x0000000100000000)
  region size 1024K, 29 young (29696K), 3 survivors (3072K)
 Metaspace       used 100002K, committed 100992K, reserved 557056K
  class space    used 13992K, committed 14464K, reserved 425984K
}
Event: 43.586 GC heap after
{Heap after GC invocations=65 (full 0):
 garbage-first heap   total 196608K, used 140450K [0x0000000080000000, 0x0000000100000000)
  region size 1024K, 4 young (4096K), 4 survivors (4096K)
 Metaspace       used 100002K, committed 100992K, reserved 557056K
  class space    used 13992K, committed 14464K, reserved 425984K
}
Event: 44.486 GC heap before
{Heap before GC invocations=65 (full 0):
 garbage-first heap   total 196608K, used 165026K [0x0000000080000000, 0x0000000100000000)
  region size 1024K, 29 young (29696K), 4 survivors (4096K)
 Metaspace       used 101058K, committed 102016K, reserved 557056K
  class space    used 14126K, committed 14592K, reserved 425984K
}
Event: 44.492 GC heap after
{Heap after GC invocations=66 (full 0):
 garbage-first heap   total 196608K, used 143411K [0x0000000080000000, 0x0000000100000000)
  region size 1024K, 3 young (3072K), 3 survivors (3072K)
 Metaspace       used 101058K, committed 102016K, reserved 557056K
  class space    used 14126K, committed 14592K, reserved 425984K
}
Event: 45.879 GC heap before
{Heap before GC invocations=66 (full 0):
 garbage-first heap   total 196608K, used 166963K [0x0000000080000000, 0x0000000100000000)
  region size 1024K, 26 young (26624K), 3 survivors (3072K)
 Metaspace       used 101406K, committed 102336K, reserved 557056K
  class space    used 14148K, committed 14592K, reserved 425984K
}
Event: 45.884 GC heap after
{Heap after GC invocations=67 (full 0):
 garbage-first heap   total 196608K, used 145771K [0x0000000080000000, 0x0000000100000000)
  region size 1024K, 3 young (3072K), 3 survivors (3072K)
 Metaspace       used 101406K, committed 102336K, reserved 557056K
  class space    used 14148K, committed 14592K, reserved 425984K
}
Event: 46.900 GC heap before
{Heap before GC invocations=67 (full 0):
 garbage-first heap   total 196608K, used 167275K [0x0000000080000000, 0x0000000100000000)
  region size 1024K, 24 young (24576K), 3 survivors (3072K)
 Metaspace       used 101719K, committed 102656K, reserved 557056K
  class space    used 14183K, committed 14656K, reserved 425984K
}
Event: 46.905 GC heap after
{Heap after GC invocations=68 (full 0):
 garbage-first heap   total 196608K, used 148351K [0x0000000080000000, 0x0000000100000000)
  region size 1024K, 3 young (3072K), 3 survivors (3072K)
 Metaspace       used 101719K, committed 102656K, reserved 557056K
  class space    used 14183K, committed 14656K, reserved 425984K
}
Event: 47.936 GC heap before
{Heap before GC invocations=68 (full 0):
 garbage-first heap   total 196608K, used 166783K [0x0000000080000000, 0x0000000100000000)
  region size 1024K, 22 young (22528K), 3 survivors (3072K)
 Metaspace       used 102265K, committed 103232K, reserved 557056K
  class space    used 14273K, committed 14720K, reserved 425984K
}
Event: 47.942 GC heap after
{Heap after GC invocations=69 (full 0):
 garbage-first heap   total 196608K, used 150409K [0x0000000080000000, 0x0000000100000000)
  region size 1024K, 3 young (3072K), 3 survivors (3072K)
 Metaspace       used 102265K, committed 103232K, reserved 557056K
  class space    used 14273K, committed 14720K, reserved 425984K
}
Event: 48.318 GC heap before
{Heap before GC invocations=69 (full 0):
 garbage-first heap   total 196608K, used 167817K [0x0000000080000000, 0x0000000100000000)
  region size 1024K, 21 young (21504K), 3 survivors (3072K)
 Metaspace       used 102455K, committed 103424K, reserved 557056K
  class space    used 14282K, committed 14784K, reserved 425984K
}
Event: 48.322 GC heap after
{Heap after GC invocations=70 (full 0):
 garbage-first heap   total 196608K, used 151229K [0x0000000080000000, 0x0000000100000000)
  region size 1024K, 1 young (1024K), 1 survivors (1024K)
 Metaspace       used 102455K, committed 103424K, reserved 557056K
  class space    used 14282K, committed 14784K, reserved 425984K
}
Event: 49.299 GC heap before
{Heap before GC invocations=70 (full 0):
 garbage-first heap   total 196608K, used 169661K [0x0000000080000000, 0x0000000100000000)
  region size 1024K, 19 young (19456K), 1 survivors (1024K)
 Metaspace       used 102625K, committed 103616K, reserved 557056K
  class space    used 14282K, committed 14784K, reserved 425984K
}
Event: 49.303 GC heap after
{Heap after GC invocations=71 (full 0):
 garbage-first heap   total 196608K, used 151673K [0x0000000080000000, 0x0000000100000000)
  region size 1024K, 2 young (2048K), 2 survivors (2048K)
 Metaspace       used 102625K, committed 103616K, reserved 557056K
  class space    used 14282K, committed 14784K, reserved 425984K
}
Event: 50.049 GC heap before
{Heap before GC invocations=71 (full 0):
 garbage-first heap   total 196608K, used 169081K [0x0000000080000000, 0x0000000100000000)
  region size 1024K, 20 young (20480K), 2 survivors (2048K)
 Metaspace       used 102885K, committed 103872K, reserved 557056K
  class space    used 14332K, committed 14784K, reserved 425984K
}
Event: 50.053 GC heap after
{Heap after GC invocations=72 (full 0):
 garbage-first heap   total 196608K, used 154696K [0x0000000080000000, 0x0000000100000000)
  region size 1024K, 3 young (3072K), 3 survivors (3072K)
 Metaspace       used 102885K, committed 103872K, reserved 557056K
  class space    used 14332K, committed 14784K, reserved 425984K
}
Event: 50.531 GC heap before
{Heap before GC invocations=72 (full 0):
 garbage-first heap   total 196608K, used 168008K [0x0000000080000000, 0x0000000100000000)
  region size 1024K, 17 young (17408K), 3 survivors (3072K)
 Metaspace       used 102966K, committed 103936K, reserved 557056K
  class space    used 14332K, committed 14784K, reserved 425984K
}
Event: 50.535 GC heap after
{Heap after GC invocations=73 (full 0):
 garbage-first heap   total 196608K, used 156043K [0x0000000080000000, 0x0000000100000000)
  region size 1024K, 2 young (2048K), 2 survivors (2048K)
 Metaspace       used 102966K, committed 103936K, reserved 557056K
  class space    used 14332K, committed 14784K, reserved 425984K
}

Dll operation events (14 events):
Event: 0.013 Loaded shared library C:\Program Files\Microsoft\jdk-17.0.8.7-hotspot\bin\java.dll
Event: 0.037 Loaded shared library C:\Program Files\Microsoft\jdk-17.0.8.7-hotspot\bin\jsvml.dll
Event: 0.114 Loaded shared library C:\Program Files\Microsoft\jdk-17.0.8.7-hotspot\bin\zip.dll
Event: 0.117 Loaded shared library C:\Program Files\Microsoft\jdk-17.0.8.7-hotspot\bin\instrument.dll
Event: 0.125 Loaded shared library C:\Program Files\Microsoft\jdk-17.0.8.7-hotspot\bin\net.dll
Event: 0.127 Loaded shared library C:\Program Files\Microsoft\jdk-17.0.8.7-hotspot\bin\nio.dll
Event: 0.133 Loaded shared library C:\Program Files\Microsoft\jdk-17.0.8.7-hotspot\bin\zip.dll
Event: 0.484 Loaded shared library C:\Program Files\Microsoft\jdk-17.0.8.7-hotspot\bin\jimage.dll
Event: 0.662 Loaded shared library C:\Program Files\Microsoft\jdk-17.0.8.7-hotspot\bin\verify.dll
Event: 1.036 Loaded shared library C:\Users\Asus\.gradle\native\68d5fa5c4cc2d200863cafc0d521ce42e7d3e7ee720ec0a83991735586a16f82\windows-amd64\native-platform.dll
Event: 1.061 Loaded shared library C:\Users\Asus\.gradle\native\e376f236ea51e6404a007f0833ffe2c6e607c4080706a723a18a27aeea778392\windows-amd64\native-platform-file-events.dll
Event: 2.523 Loaded shared library C:\Program Files\Microsoft\jdk-17.0.8.7-hotspot\bin\management.dll
Event: 2.526 Loaded shared library C:\Program Files\Microsoft\jdk-17.0.8.7-hotspot\bin\management_ext.dll
Event: 3.258 Loaded shared library C:\Program Files\Microsoft\jdk-17.0.8.7-hotspot\bin\sunmscapi.dll

Deoptimization events (20 events):
Event: 49.950 Thread 0x000001756f670860 Uncommon trap: trap_request=0xffffffbe fr.pc=0x000001753ed68080 relative=0x00000000000003e0
Event: 49.950 Thread 0x000001756f670860 Uncommon trap: reason=profile_predicate action=maybe_recompile pc=0x000001753ed68080 method=java.util.Collections.indexedBinarySearch(Ljava/util/List;Ljava/lang/Object;Ljava/util/Comparator;)I @ 15 c2
Event: 49.950 Thread 0x000001756f670860 DEOPT PACKING pc=0x000001753ed68080 sp=0x00000063a6ffa5a0
Event: 49.950 Thread 0x000001756f670860 DEOPT UNPACKING pc=0x000001753df369a3 sp=0x00000063a6ffa4e8 mode 2
Event: 49.950 Thread 0x000001756f670860 Uncommon trap: trap_request=0xffffffbe fr.pc=0x000001753ed68080 relative=0x00000000000003e0
Event: 49.950 Thread 0x000001756f670860 Uncommon trap: reason=profile_predicate action=maybe_recompile pc=0x000001753ed68080 method=java.util.Collections.indexedBinarySearch(Ljava/util/List;Ljava/lang/Object;Ljava/util/Comparator;)I @ 15 c2
Event: 49.950 Thread 0x000001756f670860 DEOPT PACKING pc=0x000001753ed68080 sp=0x00000063a6ffa590
Event: 49.950 Thread 0x000001756f670860 DEOPT UNPACKING pc=0x000001753df369a3 sp=0x00000063a6ffa4d8 mode 2
Event: 49.952 Thread 0x0000017570ce2900 Uncommon trap: trap_request=0xffffffbe fr.pc=0x000001753ed68080 relative=0x00000000000003e0
Event: 49.952 Thread 0x000001756f670860 Uncommon trap: trap_request=0xffffffbe fr.pc=0x000001753ed68080 relative=0x00000000000003e0
Event: 49.953 Thread 0x0000017570ce2900 Uncommon trap: reason=profile_predicate action=maybe_recompile pc=0x000001753ed68080 method=java.util.Collections.indexedBinarySearch(Ljava/util/List;Ljava/lang/Object;Ljava/util/Comparator;)I @ 15 c2
Event: 49.953 Thread 0x000001756f670860 Uncommon trap: reason=profile_predicate action=maybe_recompile pc=0x000001753ed68080 method=java.util.Collections.indexedBinarySearch(Ljava/util/List;Ljava/lang/Object;Ljava/util/Comparator;)I @ 15 c2
Event: 49.954 Thread 0x0000017570ce2900 DEOPT PACKING pc=0x000001753ed68080 sp=0x00000063ab4fbd30
Event: 49.954 Thread 0x0000017570ce2900 DEOPT UNPACKING pc=0x000001753df369a3 sp=0x00000063ab4fbc78 mode 2
Event: 49.954 Thread 0x000001756f670860 DEOPT PACKING pc=0x000001753ed68080 sp=0x00000063a6ffa590
Event: 49.954 Thread 0x000001756f670860 DEOPT UNPACKING pc=0x000001753df369a3 sp=0x00000063a6ffa4d8 mode 2
Event: 50.516 Thread 0x0000017570ce0aa0 Uncommon trap: trap_request=0xffffff45 fr.pc=0x000001753eabaf94 relative=0x0000000000000094
Event: 50.516 Thread 0x0000017570ce0aa0 Uncommon trap: reason=unstable_if action=reinterpret pc=0x000001753eabaf94 method=com.google.common.cache.LongAdder.add(J)V @ 24 c2
Event: 50.516 Thread 0x0000017570ce0aa0 DEOPT PACKING pc=0x000001753eabaf94 sp=0x00000063ab7faca0
Event: 50.516 Thread 0x0000017570ce0aa0 DEOPT UNPACKING pc=0x000001753df369a3 sp=0x00000063ab7fabe0 mode 2

Classes unloaded (0 events):
No events

Classes redefined (0 events):
No events

Internal exceptions (20 events):
Event: 42.498 Thread 0x000001756ed79620 Exception <a 'sun/nio/fs/WindowsException'{0x000000008b0aa280}> (0x000000008b0aa280) 
thrown [s\src\hotspot\share\prims\jni.cpp, line 516]
Event: 42.498 Thread 0x000001756ed79620 Exception <a 'sun/nio/fs/WindowsException'{0x000000008b0ab910}> (0x000000008b0ab910) 
thrown [s\src\hotspot\share\prims\jni.cpp, line 516]
Event: 42.760 Thread 0x000001754d34f030 Implicit null exception at 0x000001753eac85fd to 0x000001753eac8d38
Event: 43.398 Thread 0x000001756ed79620 Implicit null exception at 0x000001753ec0f14e to 0x000001753ec0fac8
Event: 44.642 Thread 0x000001756ed79620 Exception <a 'java/lang/IncompatibleClassChangeError'{0x000000008bd2bb90}: Found class java.lang.Object, but interface was expected> (0x000000008bd2bb90) 
thrown [s\src\hotspot\share\interpreter\linkResolver.cpp, line 826]
Event: 45.043 Thread 0x000001756ed79620 Exception <a 'sun/nio/fs/WindowsException'{0x000000008b50b920}> (0x000000008b50b920) 
thrown [s\src\hotspot\share\prims\jni.cpp, line 516]
Event: 45.043 Thread 0x000001756ed79620 Exception <a 'sun/nio/fs/WindowsException'{0x000000008b50cf60}> (0x000000008b50cf60) 
thrown [s\src\hotspot\share\prims\jni.cpp, line 516]
Event: 45.043 Thread 0x000001756ed79620 Exception <a 'sun/nio/fs/WindowsException'{0x000000008b50e5f0}> (0x000000008b50e5f0) 
thrown [s\src\hotspot\share\prims\jni.cpp, line 516]
Event: 45.043 Thread 0x000001756ed79620 Exception <a 'sun/nio/fs/WindowsException'{0x000000008b50fc80}> (0x000000008b50fc80) 
thrown [s\src\hotspot\share\prims\jni.cpp, line 516]
Event: 47.405 Thread 0x000001756f671ca0 Exception <a 'java/lang/NoSuchMethodError'{0x000000008b494460}: 'void java.lang.invoke.DirectMethodHandle$Holder.invokeStatic(java.lang.Object, java.lang.Object, java.lang.Object, java.lang.Object, int, java.lang.Object, java.lang.Object)'> (0x000000008b494460) 
thrown [s\src\hotspot\share\interpreter\linkResolver.cpp, line 759]
Event: 47.556 Thread 0x000001756f671ca0 Exception <a 'java/lang/NoSuchMethodError'{0x000000008b249a40}: 'java.lang.Object java.lang.invoke.DirectMethodHandle$Holder.invokeSpecialIFC(java.lang.Object, java.lang.Object, java.lang.Object)'> (0x000000008b249a40) 
thrown [s\src\hotspot\share\interpreter\linkResolver.cpp, line 759]
Event: 48.067 Thread 0x000001757175fb90 Exception <a 'java/lang/NoSuchMethodError'{0x000000008b828358}: 'void java.lang.invoke.DirectMethodHandle$Holder.invokeVirtual(java.lang.Object, java.lang.Object)'> (0x000000008b828358) 
thrown [s\src\hotspot\share\interpreter\linkResolver.cpp, line 759]
Event: 48.269 Thread 0x000001756f675e70 Implicit null exception at 0x000001753ecb1b39 to 0x000001753ecb2034
Event: 49.653 Thread 0x000001756f670860 Exception <a 'java/lang/ClassNotFoundException'{0x000000008b979008}: groovy/util/FileTreeBuilderBeanInfo> (0x000000008b979008) 
thrown [s\src\hotspot\share\classfile\systemDictionary.cpp, line 256]
Event: 49.665 Thread 0x000001756f670860 Exception <a 'java/lang/ClassNotFoundException'{0x000000008b9db550}: groovy/util/FileTreeBuilderCustomizer> (0x000000008b9db550) 
thrown [s\src\hotspot\share\classfile\systemDictionary.cpp, line 256]
Event: 49.681 Thread 0x000001756f670860 Exception <a 'java/lang/ClassNotFoundException'{0x000000008b813880}: java/io/BufferedWriterBeanInfo> (0x000000008b813880) 
thrown [s\src\hotspot\share\classfile\systemDictionary.cpp, line 256]
Event: 49.681 Thread 0x000001756f670860 Exception <a 'java/lang/ClassNotFoundException'{0x000000008b818f88}: java/io/WriterBeanInfo> (0x000000008b818f88) 
thrown [s\src\hotspot\share\classfile\systemDictionary.cpp, line 256]
Event: 49.681 Thread 0x000001756f670860 Exception <a 'java/lang/ClassNotFoundException'{0x000000008b81e400}: java/io/WriterCustomizer> (0x000000008b81e400) 
thrown [s\src\hotspot\share\classfile\systemDictionary.cpp, line 256]
Event: 49.681 Thread 0x000001756f670860 Exception <a 'java/lang/ClassNotFoundException'{0x000000008b82cca0}: java/io/BufferedWriterCustomizer> (0x000000008b82cca0) 
thrown [s\src\hotspot\share\classfile\systemDictionary.cpp, line 256]
Event: 49.725 Thread 0x000001756f670860 Exception <a 'java/lang/NoSuchMethodError'{0x000000008b8bcfb0}: static Lcom/android/build/api/variant/BuildConfigField;.<clinit>()V> (0x000000008b8bcfb0) 
thrown [s\src\hotspot\share\prims\jni.cpp, line 1107]

VM Operations (20 events):
Event: 47.328 Executing VM operation: HandshakeAllThreads
Event: 47.329 Executing VM operation: HandshakeAllThreads done
Event: 47.417 Executing VM operation: HandshakeAllThreads
Event: 47.418 Executing VM operation: HandshakeAllThreads done
Event: 47.771 Executing VM operation: HandshakeAllThreads
Event: 47.771 Executing VM operation: HandshakeAllThreads done
Event: 47.840 Executing VM operation: ICBufferFull
Event: 47.843 Executing VM operation: ICBufferFull done
Event: 47.936 Executing VM operation: G1CollectForAllocation
Event: 47.947 Executing VM operation: G1CollectForAllocation done
Event: 48.305 Executing VM operation: G1CollectForAllocation
Event: 48.324 Executing VM operation: G1CollectForAllocation done
Event: 49.299 Executing VM operation: G1CollectForAllocation
Event: 49.303 Executing VM operation: G1CollectForAllocation done
Event: 49.839 Executing VM operation: ICBufferFull
Event: 49.855 Executing VM operation: ICBufferFull done
Event: 50.049 Executing VM operation: G1CollectForAllocation
Event: 50.055 Executing VM operation: G1CollectForAllocation done
Event: 50.531 Executing VM operation: G1CollectForAllocation
Event: 50.535 Executing VM operation: G1CollectForAllocation done

Events (20 events):
Event: 49.681 loading class java/io/WriterBeanInfo
Event: 49.681 loading class java/io/WriterBeanInfo done
Event: 49.681 loading class java/io/WriterBeanInfo
Event: 49.681 loading class java/io/WriterBeanInfo done
Event: 49.681 loading class java/io/WriterCustomizer
Event: 49.681 loading class java/io/WriterCustomizer done
Event: 49.681 loading class java/io/WriterCustomizer
Event: 49.681 loading class java/io/WriterCustomizer done
Event: 49.681 loading class java/io/BufferedWriterCustomizer
Event: 49.681 loading class java/io/BufferedWriterCustomizer done
Event: 49.681 loading class java/io/BufferedWriterCustomizer
Event: 49.681 loading class java/io/BufferedWriterCustomizer done
Event: 49.773 Thread 0x0000017570ce2900 Thread added: 0x0000017570ce2900
Event: 49.774 Thread 0x0000017570ce1ee0 Thread added: 0x0000017570ce1ee0
Event: 49.776 Thread 0x0000017570ce4250 Thread added: 0x0000017570ce4250
Event: 49.777 Thread 0x0000017570ce0aa0 Thread added: 0x0000017570ce0aa0
Event: 49.778 Thread 0x0000017570ce2e10 Thread added: 0x0000017570ce2e10
Event: 49.783 Thread 0x0000017570ce7a00 Thread added: 0x0000017570ce7a00
Event: 49.803 Thread 0x0000017570ce6fe0 Thread added: 0x0000017570ce6fe0
Event: 50.359 Thread 0x0000017570d35360 Thread exited: 0x0000017570d35360


Dynamic libraries:
0x00007ff61bcf0000 - 0x00007ff61bcfe000 	C:\Program Files\Microsoft\jdk-17.0.8.7-hotspot\bin\java.exe
0x00007ffae8050000 - 0x00007ffae8267000 	C:\WINDOWS\SYSTEM32\ntdll.dll
0x00007ffae6d80000 - 0x00007ffae6e44000 	C:\WINDOWS\System32\KERNEL32.DLL
0x00007ffae5670000 - 0x00007ffae5a16000 	C:\WINDOWS\System32\KERNELBASE.dll
0x00007ffae5460000 - 0x00007ffae5571000 	C:\WINDOWS\System32\ucrtbase.dll
0x00007ffabdda0000 - 0x00007ffabddbb000 	C:\Program Files\Microsoft\jdk-17.0.8.7-hotspot\bin\VCRUNTIME140.dll
0x00007ffab2880000 - 0x00007ffab2897000 	C:\Program Files\Microsoft\jdk-17.0.8.7-hotspot\bin\jli.dll
0x00007ffae6b60000 - 0x00007ffae6d0e000 	C:\WINDOWS\System32\USER32.dll
0x00007ffad5900000 - 0x00007ffad5b93000 	C:\WINDOWS\WinSxS\amd64_microsoft.windows.common-controls_6595b64144ccf1df_6.0.22621.2506_none_270c5ae97388e100\COMCTL32.dll
0x00007ffae5640000 - 0x00007ffae5666000 	C:\WINDOWS\System32\win32u.dll
0x00007ffae7050000 - 0x00007ffae70f7000 	C:\WINDOWS\System32\msvcrt.dll
0x00007ffae7590000 - 0x00007ffae75b9000 	C:\WINDOWS\System32\GDI32.dll
0x00007ffae5a90000 - 0x00007ffae5ba8000 	C:\WINDOWS\System32\gdi32full.dll
0x00007ffae5390000 - 0x00007ffae542a000 	C:\WINDOWS\System32\msvcp_win.dll
0x00007ffae7fd0000 - 0x00007ffae8001000 	C:\WINDOWS\System32\IMM32.DLL
0x00007ffac6f90000 - 0x00007ffac6f9c000 	C:\Program Files\Microsoft\jdk-17.0.8.7-hotspot\bin\vcruntime140_1.dll
0x00007ffa926b0000 - 0x00007ffa9273d000 	C:\Program Files\Microsoft\jdk-17.0.8.7-hotspot\bin\msvcp140.dll
0x00007ffa73350000 - 0x00007ffa73fb5000 	C:\Program Files\Microsoft\jdk-17.0.8.7-hotspot\bin\server\jvm.dll
0x00007ffae75c0000 - 0x00007ffae7673000 	C:\WINDOWS\System32\ADVAPI32.dll
0x00007ffae7690000 - 0x00007ffae7738000 	C:\WINDOWS\System32\sechost.dll
0x00007ffae5430000 - 0x00007ffae5458000 	C:\WINDOWS\System32\bcrypt.dll
0x00007ffae7470000 - 0x00007ffae7587000 	C:\WINDOWS\System32\RPCRT4.dll
0x00007ffae5260000 - 0x00007ffae52ad000 	C:\WINDOWS\SYSTEM32\POWRPROF.dll
0x00007ffac6950000 - 0x00007ffac6959000 	C:\WINDOWS\SYSTEM32\WSOCK32.dll
0x00007ffae6880000 - 0x00007ffae68f1000 	C:\WINDOWS\System32\WS2_32.dll
0x00007ffadec90000 - 0x00007ffadecc4000 	C:\WINDOWS\SYSTEM32\WINMM.dll
0x00007ffade2e0000 - 0x00007ffade2ea000 	C:\WINDOWS\SYSTEM32\VERSION.dll
0x00007ffae5240000 - 0x00007ffae5253000 	C:\WINDOWS\SYSTEM32\UMPDC.dll
0x00007ffae43d0000 - 0x00007ffae43e8000 	C:\WINDOWS\SYSTEM32\kernel.appcore.dll
0x00007ffac68b0000 - 0x00007ffac68ba000 	C:\Program Files\Microsoft\jdk-17.0.8.7-hotspot\bin\jimage.dll
0x00007ffad8450000 - 0x00007ffad8683000 	C:\WINDOWS\SYSTEM32\DBGHELP.DLL
0x00007ffae7c20000 - 0x00007ffae7fa9000 	C:\WINDOWS\System32\combase.dll
0x00007ffae7100000 - 0x00007ffae71d7000 	C:\WINDOWS\System32\OLEAUT32.dll
0x00007ffad0760000 - 0x00007ffad0792000 	C:\WINDOWS\SYSTEM32\dbgcore.DLL
0x00007ffae5d20000 - 0x00007ffae5d9a000 	C:\WINDOWS\System32\bcryptPrimitives.dll
0x00007ffac1de0000 - 0x00007ffac1dee000 	C:\Program Files\Microsoft\jdk-17.0.8.7-hotspot\bin\instrument.dll
0x00007ffa90ae0000 - 0x00007ffa90b05000 	C:\Program Files\Microsoft\jdk-17.0.8.7-hotspot\bin\java.dll
0x00007ffa74670000 - 0x00007ffa74747000 	C:\Program Files\Microsoft\jdk-17.0.8.7-hotspot\bin\jsvml.dll
0x00007ffae5ec0000 - 0x00007ffae671b000 	C:\WINDOWS\System32\SHELL32.dll
0x00007ffae32f0000 - 0x00007ffae3be6000 	C:\WINDOWS\SYSTEM32\windows.storage.dll
0x00007ffae31b0000 - 0x00007ffae32ee000 	C:\WINDOWS\SYSTEM32\wintypes.dll
0x00007ffae6720000 - 0x00007ffae6813000 	C:\WINDOWS\System32\SHCORE.dll
0x00007ffae7740000 - 0x00007ffae779e000 	C:\WINDOWS\System32\shlwapi.dll
0x00007ffae52c0000 - 0x00007ffae52e6000 	C:\WINDOWS\SYSTEM32\profapi.dll
0x00007ffa92690000 - 0x00007ffa926a8000 	C:\Program Files\Microsoft\jdk-17.0.8.7-hotspot\bin\zip.dll
0x00007ffab26a0000 - 0x00007ffab26b9000 	C:\Program Files\Microsoft\jdk-17.0.8.7-hotspot\bin\net.dll
0x00007ffadef70000 - 0x00007ffadf0a7000 	C:\WINDOWS\SYSTEM32\WINHTTP.dll
0x00007ffae4850000 - 0x00007ffae48b9000 	C:\WINDOWS\system32\mswsock.dll
0x00007ffaae7e0000 - 0x00007ffaae7f6000 	C:\Program Files\Microsoft\jdk-17.0.8.7-hotspot\bin\nio.dll
0x00007ffac5db0000 - 0x00007ffac5dc0000 	C:\Program Files\Microsoft\jdk-17.0.8.7-hotspot\bin\verify.dll
0x00007ffa8ccd0000 - 0x00007ffa8ccf7000 	C:\Users\Asus\.gradle\native\68d5fa5c4cc2d200863cafc0d521ce42e7d3e7ee720ec0a83991735586a16f82\windows-amd64\native-platform.dll
0x00007ffa73140000 - 0x00007ffa73284000 	C:\Users\Asus\.gradle\native\e376f236ea51e6404a007f0833ffe2c6e607c4080706a723a18a27aeea778392\windows-amd64\native-platform-file-events.dll
0x00007ffac2cf0000 - 0x00007ffac2cf9000 	C:\Program Files\Microsoft\jdk-17.0.8.7-hotspot\bin\management.dll
0x00007ffac20a0000 - 0x00007ffac20ab000 	C:\Program Files\Microsoft\jdk-17.0.8.7-hotspot\bin\management_ext.dll
0x00007ffae6ac0000 - 0x00007ffae6ac8000 	C:\WINDOWS\System32\PSAPI.DLL
0x00007ffae4aa0000 - 0x00007ffae4abb000 	C:\WINDOWS\SYSTEM32\CRYPTSP.dll
0x00007ffae4330000 - 0x00007ffae4365000 	C:\WINDOWS\system32\rsaenh.dll
0x00007ffae4940000 - 0x00007ffae496c000 	C:\WINDOWS\SYSTEM32\USERENV.dll
0x00007ffae4ac0000 - 0x00007ffae4acc000 	C:\WINDOWS\SYSTEM32\CRYPTBASE.dll
0x00007ffae3e50000 - 0x00007ffae3e7d000 	C:\WINDOWS\SYSTEM32\IPHLPAPI.DLL
0x00007ffae6d20000 - 0x00007ffae6d29000 	C:\WINDOWS\System32\NSI.dll
0x00007ffadef50000 - 0x00007ffadef69000 	C:\WINDOWS\SYSTEM32\dhcpcsvc6.DLL
0x00007ffadef30000 - 0x00007ffadef4f000 	C:\WINDOWS\SYSTEM32\dhcpcsvc.DLL
0x00007ffae3ec0000 - 0x00007ffae3fb9000 	C:\WINDOWS\SYSTEM32\DNSAPI.dll
0x00007ffac55d0000 - 0x00007ffac55de000 	C:\Program Files\Microsoft\jdk-17.0.8.7-hotspot\bin\sunmscapi.dll
0x00007ffae5bb0000 - 0x00007ffae5d16000 	C:\WINDOWS\System32\CRYPT32.dll
0x00007ffae4c40000 - 0x00007ffae4c6e000 	C:\WINDOWS\SYSTEM32\ncrypt.dll
0x00007ffae4c00000 - 0x00007ffae4c37000 	C:\WINDOWS\SYSTEM32\NTASN1.dll
0x00007ffae2600000 - 0x00007ffae2608000 	C:\WINDOWS\system32\wshunix.dll
0x00007ffad5550000 - 0x00007ffad555a000 	C:\Windows\System32\rasadhlp.dll
0x00007ffade070000 - 0x00007ffade0f3000 	C:\WINDOWS\System32\fwpuclnt.dll
0x00007ffac7700000 - 0x00007ffac7717000 	C:\WINDOWS\system32\napinsp.dll
0x00007ffac7660000 - 0x00007ffac767b000 	C:\WINDOWS\system32\pnrpnsp.dll
0x00007ffac6930000 - 0x00007ffac6941000 	C:\WINDOWS\System32\winrnr.dll
0x00007ffacbae0000 - 0x00007ffacbaf5000 	C:\WINDOWS\system32\wshbth.dll
0x00007ffac2fe0000 - 0x00007ffac3001000 	C:\WINDOWS\system32\nlansp_c.dll

dbghelp: loaded successfully - version: 4.0.5 - missing functions: none
symbol engine: initialized successfully - sym options: 0x614 - pdb path: .;C:\Program Files\Microsoft\jdk-17.0.8.7-hotspot\bin;C:\WINDOWS\SYSTEM32;C:\WINDOWS\WinSxS\amd64_microsoft.windows.common-controls_6595b64144ccf1df_6.0.22621.2506_none_270c5ae97388e100;C:\Program Files\Microsoft\jdk-17.0.8.7-hotspot\bin\server;C:\Users\Asus\.gradle\native\68d5fa5c4cc2d200863cafc0d521ce42e7d3e7ee720ec0a83991735586a16f82\windows-amd64;C:\Users\Asus\.gradle\native\e376f236ea51e6404a007f0833ffe2c6e607c4080706a723a18a27aeea778392\windows-amd64

VM Arguments:
jvm_args: -XX:MaxMetaspaceSize=512m --add-opens=java.base/java.util=ALL-UNNAMED --add-opens=java.base/java.lang=ALL-UNNAMED --add-opens=java.base/java.lang.invoke=ALL-UNNAMED --add-opens=java.prefs/java.util.prefs=ALL-UNNAMED --add-opens=java.base/java.nio.charset=ALL-UNNAMED --add-opens=java.base/java.net=ALL-UNNAMED --add-opens=java.base/java.util.concurrent.atomic=ALL-UNNAMED -Xmx2048m -Dfile.encoding=windows-1252 -Duser.country=US -Duser.language=en -Duser.variant -javaagent:C:\Users\Asus\.gradle\wrapper\dists\gradle-8.3-all\6en3ugtfdg5xnpx44z4qbwgas\gradle-8.3\lib\agents\gradle-instrumentation-agent-8.3.jar 
java_command: org.gradle.launcher.daemon.bootstrap.GradleDaemon 8.3
java_class_path (initial): C:\Users\Asus\.gradle\wrapper\dists\gradle-8.3-all\6en3ugtfdg5xnpx44z4qbwgas\gradle-8.3\lib\gradle-launcher-8.3.jar
Launcher Type: SUN_STANDARD

[Global flags]
     intx CICompilerCount                          = 4                                         {product} {ergonomic}
   size_t CompressedClassSpaceSize                 = 436207616                                 {product} {ergonomic}
     uint ConcGCThreads                            = 2                                         {product} {ergonomic}
     uint G1ConcRefinementThreads                  = 8                                         {product} {ergonomic}
   size_t G1HeapRegionSize                         = 1048576                                   {product} {ergonomic}
    uintx GCDrainStackTargetSize                   = 64                                        {product} {ergonomic}
   size_t InitialHeapSize                          = 260046848                                 {product} {ergonomic}
   size_t MarkStackSize                            = 4194304                                   {product} {ergonomic}
   size_t MaxHeapSize                              = 2147483648                                {product} {command line}
   size_t MaxMetaspaceSize                         = 536870912                                 {product} {command line}
   size_t MaxNewSize                               = 1287651328                                {product} {ergonomic}
   size_t MinHeapDeltaBytes                        = 1048576                                   {product} {ergonomic}
   size_t MinHeapSize                              = 8388608                                   {product} {ergonomic}
    uintx NonNMethodCodeHeapSize                   = 5839372                                {pd product} {ergonomic}
    uintx NonProfiledCodeHeapSize                  = 122909434                              {pd product} {ergonomic}
    uintx ProfiledCodeHeapSize                     = 122909434                              {pd product} {ergonomic}
    uintx ReservedCodeCacheSize                    = 251658240                              {pd product} {ergonomic}
     bool SegmentedCodeCache                       = true                                      {product} {ergonomic}
   size_t SoftMaxHeapSize                          = 2147483648                             {manageable} {ergonomic}
     bool UseCompressedClassPointers               = true                           {product lp64_product} {ergonomic}
     bool UseCompressedOops                        = true                           {product lp64_product} {ergonomic}
     bool UseG1GC                                  = true                                      {product} {ergonomic}
     bool UseLargePagesIndividualAllocation        = false                                  {pd product} {ergonomic}

Logging:
Log output configuration:
 #0: stdout all=warning uptime,level,tags
 #1: stderr all=off uptime,level,tags

Environment Variables:
JAVA_HOME=C:\Program Files\Microsoft\jdk-17.0.8.7-hotspot\
CLASSPATH=C:\Users\Asus\Documents\GitHub\SereneMoments\android\\gradle\wrapper\gradle-wrapper.jar
PATH=C:\Users\Asus\Documents\GitHub\SereneMoments\node_modules\.bin;C:\Users\Asus\Documents\GitHub\SereneMoments\node_modules\.bin;C:\Users\Asus\Documents\GitHub\node_modules\.bin;C:\Users\Asus\Documents\node_modules\.bin;C:\Users\Asus\node_modules\.bin;C:\Users\node_modules\.bin;C:\node_modules\.bin;C:\Program Files\nodejs\node_modules\npm\node_modules\@npmcli\run-script\lib\node-gyp-bin;C:\Users\Asus\Documents\GitHub\SereneMoments\node_modules\.bin;C:\Users\Asus\Documents\GitHub\node_modules\.bin;C:\Users\Asus\Documents\node_modules\.bin;C:\Users\Asus\node_modules\.bin;C:\Users\node_modules\.bin;C:\node_modules\.bin;C:\Program Files\nodejs\node_modules\npm\node_modules\@npmcli\run-script\lib\node-gyp-bin;C:\Program Files\Microsoft\jdk-17.0.8.7-hotspot\bin;%ANDROID_HOME%;C:\Program Files\Java\jdk-18.0.1.1\bin;C:\Windows\system32;C:\Windows;C:\Windows\System32\Wbem;C:\Windows\System32\WindowsPowerShell\v1.0\;C:\Windows\System32\OpenSSH\;C:\Program Files (x86)\NVIDIA Corporation\PhysX\Common;C:\Program Files\NVIDIA Corporation\NVIDIA NvDLISR;C:\ProgramData\chocolatey\bin;C:\Program Files\dotnet\;C:\WINDOWS\system32;C:\WINDOWS;C:\WINDOWS\System32\Wbem;C:\WINDOWS\System32\WindowsPowerShell\v1.0\;C:\WINDOWS\System32\OpenSSH\;C:\Program Files\nodejs\;C:\Program Files\Git\cmd;C:\Program Files (x86)\Yarn\bin\;C:\Program Files\Cloudflare\Cloudflare WARP\;C:\Users\Asus\AppData\Local\Microsoft\WindowsApps;C:\Users\Asus\AppData\Local\GitHubDesktop\bin;C:\Users\Asus\AppData\Local\Programs\Microsoft VS Code\bin;C:\Users\Asus\AppData\Roaming\npm;C:\Users\Asus\AppData\Local\Yarn\bin
USERNAME=Asus
LANG=en_US.UTF-8
OS=Windows_NT
PROCESSOR_IDENTIFIER=AMD64 Family 23 Model 24 Stepping 1, AuthenticAMD
TMP=C:\Users\Asus\AppData\Local\Temp
TEMP=C:\Users\Asus\AppData\Local\Temp



---------------  S Y S T E M  ---------------

OS:
 Windows 11 , 64 bit Build 22621 (10.0.22621.3085)
OS uptime: 2 days 5:13 hours

CPU: total 8 (initial active 8) (8 cores per cpu, 2 threads per core) family 23 model 24 stepping 1 microcode 0x0, cx8, cmov, fxsr, ht, mmx, 3dnowpref, sse, sse2, sse3, ssse3, sse4a, sse4.1, sse4.2, popcnt, lzcnt, tsc, tscinvbit, avx, avx2, aes, clmul, bmi1, bmi2, adx, sha, fma, vzeroupper, clflush, clflushopt
Processor Information for all 8 processors :
  Max Mhz: 2100, Current Mhz: 2100, Mhz Limit: 2100

Memory: 4k page, system-wide physical 15809M (3182M free)
TotalPageFile size 19947M (AvailPageFile size 2336M)
current process WorkingSet (physical memory assigned to process): 481M, peak: 531M
current process commit charge ("private bytes"): 532M, peak: 578M

vm_info: OpenJDK 64-Bit Server VM (17.0.8+7-LTS) for windows-amd64 JRE (17.0.8+7-LTS), built on Jul  7 2023 17:21:55 by "MicrosoftCorporation" with MS VC++ 16.10 / 16.11 (VS2019)

END.
